2025-03-23 21:05:59,481 [INFO] Activator:176 - 


2025-03-23 21:05:59,483 [INFO] Activator:177 - !SESSION log4j initialized
2025-03-23 21:06:02,218 [INFO] LogOutputStream:77 - [STDOUT_REDIRECT] 
2025-03-23 21:06:02,503 [INFO] ApplicationProperties:184 - Using Application install path: /home/vakhaib/st/stm32cubeide_1.17.0/plugins/com.st.stm32cube.common.mx_6.14.0.202502271554
2025-03-23 21:06:02,516 [INFO] DbMcusXml:78 - Set database path to: /home/vakhaib/st/stm32cubeide_1.17.0/plugins/com.st.stm32cube.common.mx_6.14.0.202502271554//db//mcu/
2025-03-23 21:06:02,517 [INFO] ApiDb:274 - Set plugin database path to: /home/vakhaib/st/stm32cubeide_1.17.0/plugins/com.st.stm32cube.common.mx_6.14.0.202502271554//db//plugins/boardmanager/
2025-03-23 21:06:02,517 [WARN] ApiDb:259 - Overriding images path with different value:  => /home/vakhaib/st/stm32cubeide_1.17.0/plugins/com.st.stm32cube.common.mx_6.14.0.202502271554//db//plugins/mcufinder/images/
2025-03-23 21:06:02,523 [INFO] ApiDb:250 - Set database path to: /home/vakhaib/.stmcufinder/plugins/mcufinder//mcu/
2025-03-23 21:06:02,524 [INFO] DbMcusAds:125 - Set database path to: /home/vakhaib/.stmcufinder/plugins/mcufinder//mcu/
2025-03-23 21:06:02,526 [INFO] CrossReferenceDbSqlite:203 - Set database path to: /home/vakhaib/.stmcufinder/plugins/mcufinder//mcu/cs/
2025-03-23 21:06:02,589 [INFO] RulesReader:64 - Compatibility file has been processed (301 Rules)
2025-03-23 21:06:02,624 [INFO] DbMcusXml:78 - Set database path to: /home/vakhaib/st/stm32cubeide_1.17.0/plugins/com.st.stm32cube.common.mx_6.14.0.202502271554//db//mcu/
2025-03-23 21:06:02,624 [INFO] ApiDb:274 - Set plugin database path to: /home/vakhaib/st/stm32cubeide_1.17.0/plugins/com.st.stm32cube.common.mx_6.14.0.202502271554//db//plugins/boardmanager/
2025-03-23 21:06:02,624 [INFO] ApiDb:261 - Set plugin images path to: /home/vakhaib/st/stm32cubeide_1.17.0/plugins/com.st.stm32cube.common.mx_6.14.0.202502271554//db//plugins/mcufinder/images/
2025-03-23 21:06:02,624 [WARN] DbFile:41 - Overriding database path with different value: /home/vakhaib/.stmcufinder/plugins/mcufinder/ => /home/vakhaib/.stmcufinder/plugins/mcufinder
2025-03-23 21:06:02,625 [INFO] ApiDb:250 - Set database path to: /home/vakhaib/.stmcufinder/plugins/mcufinder//mcu/
2025-03-23 21:06:02,625 [WARN] DbFile:41 - Overriding database path with different value: /home/vakhaib/.stmcufinder/plugins/mcufinder/ => /home/vakhaib/.stmcufinder/plugins/mcufinder
2025-03-23 21:06:02,625 [INFO] DbMcusAds:125 - Set database path to: /home/vakhaib/.stmcufinder/plugins/mcufinder//mcu/
2025-03-23 21:06:02,625 [WARN] DbFile:41 - Overriding database path with different value: /home/vakhaib/.stmcufinder/plugins/mcufinder/ => /home/vakhaib/.stmcufinder/plugins/mcufinder
2025-03-23 21:06:02,625 [WARN] DbFile:41 - Overriding database path with different value: /home/vakhaib/.stmcufinder/plugins/mcufinder/ => /home/vakhaib/.stmcufinder/plugins/mcufinder
2025-03-23 21:06:02,625 [INFO] CrossReferenceDbSqlite:203 - Set database path to: /home/vakhaib/.stmcufinder/plugins/mcufinder//mcu/cs/
2025-03-23 21:06:02,657 [INFO] MainPanel:272 - HeapMemory: 268435456
2025-03-23 21:06:02,713 [INFO] DbMcusXml:78 - Set database path to: /home/vakhaib/st/stm32cubeide_1.17.0/plugins/com.st.stm32cube.common.mx_6.14.0.202502271554//db//mcu/
2025-03-23 21:06:02,713 [INFO] ApiDb:274 - Set plugin database path to: /home/vakhaib/st/stm32cubeide_1.17.0/plugins/com.st.stm32cube.common.mx_6.14.0.202502271554//db//plugins/boardmanager/
2025-03-23 21:06:02,713 [INFO] ApiDb:261 - Set plugin images path to: /home/vakhaib/st/stm32cubeide_1.17.0/plugins/com.st.stm32cube.common.mx_6.14.0.202502271554//db//plugins/mcufinder/images/
2025-03-23 21:06:02,713 [WARN] DbFile:41 - Overriding database path with different value: /home/vakhaib/.stmcufinder/plugins/mcufinder/ => /home/vakhaib/.stmcufinder/plugins/mcufinder
2025-03-23 21:06:02,713 [INFO] ApiDb:250 - Set database path to: /home/vakhaib/.stmcufinder/plugins/mcufinder//mcu/
2025-03-23 21:06:02,713 [WARN] DbFile:41 - Overriding database path with different value: /home/vakhaib/.stmcufinder/plugins/mcufinder/ => /home/vakhaib/.stmcufinder/plugins/mcufinder
2025-03-23 21:06:02,713 [INFO] DbMcusAds:125 - Set database path to: /home/vakhaib/.stmcufinder/plugins/mcufinder//mcu/
2025-03-23 21:06:02,714 [WARN] DbFile:41 - Overriding database path with different value: /home/vakhaib/.stmcufinder/plugins/mcufinder/ => /home/vakhaib/.stmcufinder/plugins/mcufinder
2025-03-23 21:06:02,714 [WARN] DbFile:41 - Overriding database path with different value: /home/vakhaib/.stmcufinder/plugins/mcufinder/ => /home/vakhaib/.stmcufinder/plugins/mcufinder
2025-03-23 21:06:02,714 [INFO] CrossReferenceDbSqlite:203 - Set database path to: /home/vakhaib/.stmcufinder/plugins/mcufinder//mcu/cs/
2025-03-23 21:06:02,723 [INFO] ApplicationProperties:184 - Using Application install path: /home/vakhaib/st/stm32cubeide_1.17.0/plugins/com.st.stm32cube.common.mx_6.14.0.202502271554
2025-03-23 21:06:02,723 [INFO] PluginManage:196 - Search for loadable plugins [exclusion list=, ]
2025-03-23 21:06:02,724 [INFO] PluginManage:310 - Check plugin analytics
2025-03-23 21:06:02,794 [INFO] AnalyticsPlugin:253 - Accepted Software Licenses: 
2025-03-23 21:06:02,794 [INFO] AnalyticsPlugin:255 - Accepted CMSIS Pack Licenses: STMicroelectronics.X-CUBE-NFC6.3.1.0
2025-03-23 21:06:02,794 [INFO] AnalyticsPlugin:257 - Accepted Firmware Licenses: FW.G0.1.6.0
2025-03-23 21:06:02,796 [INFO] PluginManage:359 - Loaded plugin analytics (category:tool,tabindex:-1)
2025-03-23 21:06:02,796 [INFO] PluginManage:310 - Check plugin cadmodel
2025-03-23 21:06:02,798 [INFO] CADModel:105 - Init CAD model plugin
2025-03-23 21:06:02,798 [INFO] PluginManage:359 - Loaded plugin cadmodel (category:power,tabindex:5)
2025-03-23 21:06:02,798 [INFO] PluginManage:310 - Check plugin clock
2025-03-23 21:06:02,802 [INFO] PluginManage:359 - Loaded plugin clock (category:base,tabindex:2)
2025-03-23 21:06:02,802 [INFO] PluginManage:310 - Check plugin ddr
2025-03-23 21:06:02,803 [INFO] PluginManage:359 - Loaded plugin ddr (category:tool,tabindex:6)
2025-03-23 21:06:02,803 [INFO] PluginManage:310 - Check plugin filemanager
2025-03-23 21:06:02,880 [INFO] PluginManage:359 - Loaded plugin filemanager (category:base,tabindex:10)
2025-03-23 21:06:02,881 [INFO] PluginManage:310 - Check plugin ipmanager
2025-03-23 21:06:02,884 [INFO] PluginManage:359 - Loaded plugin ipmanager (category:base,tabindex:5)
2025-03-23 21:06:02,884 [INFO] PluginManage:310 - Check plugin lpbam
2025-03-23 21:06:02,888 [INFO] PluginManage:359 - Loaded plugin lpbam (category:base,tabindex:0)
2025-03-23 21:06:02,888 [INFO] PluginManage:310 - Check plugin memorymap
2025-03-23 21:06:02,894 [INFO] PluginManage:359 - Loaded plugin memorymap (category:base,tabindex:4)
2025-03-23 21:06:02,894 [INFO] PluginManage:310 - Check plugin pinoutandconfiguration
2025-03-23 21:06:02,897 [INFO] PluginManage:359 - Loaded plugin pinoutandconfiguration (category:base,tabindex:1)
2025-03-23 21:06:02,897 [INFO] PluginManage:310 - Check plugin pinoutconfig
2025-03-23 21:06:02,945 [WARN] SupportedApi:132 - Cannot load RTOS API schema: s4s-elt-must-match.1: The content of 'definitions' must match (annotation?, (simpleType | complexType)?, (unique | key | keyref)*)). A problem was found starting at: attribute.
2025-03-23 21:06:03,011 [INFO] PluginManage:359 - Loaded plugin pinoutconfig (category:base,tabindex:0)
2025-03-23 21:06:03,011 [INFO] PluginManage:310 - Check plugin power
2025-03-23 21:06:03,015 [INFO] PluginManage:359 - Loaded plugin power (category:power,tabindex:4)
2025-03-23 21:06:03,015 [INFO] PluginManage:310 - Check plugin projectmanager
2025-03-23 21:06:03,023 [INFO] PluginManage:359 - Loaded plugin projectmanager (category:projectmanager,tabindex:4)
2025-03-23 21:06:03,023 [INFO] PluginManage:310 - Check plugin rif
2025-03-23 21:06:03,027 [INFO] PluginManage:359 - Loaded plugin rif (category:base,tabindex:3)
2025-03-23 21:06:03,027 [INFO] PluginManage:310 - Check plugin thirdparty
2025-03-23 21:06:03,090 [INFO] PluginManage:359 - Loaded plugin thirdparty (category:base,tabindex:-1)
2025-03-23 21:06:03,090 [WARN] IntegrityCheckThread:84 - waiting for thirdparty lock release [integrity check]
2025-03-23 21:06:03,091 [INFO] PluginManage:310 - Check plugin tools
2025-03-23 21:06:03,091 [INFO] IntegrityCheckThread:86 - entering critical section [integrity check]
2025-03-23 21:06:03,091 [INFO] ThirdPartyUpdaterWithRetryManager:70 - Updater plugin not ready yet. [1/15]
2025-03-23 21:06:03,092 [INFO] PluginManage:359 - Loaded plugin tools (category:base,tabindex:7)
2025-03-23 21:06:03,092 [INFO] PluginManage:310 - Check plugin tutovideos
2025-03-23 21:06:03,185 [INFO] PluginManage:359 - Loaded plugin tutovideos (category:base,tabindex:-1)
2025-03-23 21:06:03,185 [INFO] PluginManage:310 - Check plugin updater
2025-03-23 21:06:03,197 [INFO] PluginManage:359 - Loaded plugin updater (category:base,tabindex:12)
2025-03-23 21:06:03,197 [INFO] PluginManage:310 - Check plugin userauth
2025-03-23 21:06:03,198 [INFO] UserAuth:118 - Init User Auth plugin
2025-03-23 21:06:03,199 [INFO] PluginManage:359 - Loaded plugin userauth (category:base,tabindex:14)
2025-03-23 21:06:03,199 [INFO] PluginManage:283 - PluginManage : Loaded plugins [18]
2025-03-23 21:06:03,281 [INFO] PinOutPanel:1589 - setPackage(No Configuration,No Configuration)
2025-03-23 21:06:03,313 [INFO] CADModel:165 - CPN selected for project level
2025-03-23 21:06:03,314 [INFO] CADModel:114 - Register for checkConnection events
2025-03-23 21:06:03,321 [INFO] IPUIPlugin:80 - create IPUIPlugin
2025-03-23 21:06:03,321 [INFO] PluginManager:220 - loadIPPluginJar : add opamp
2025-03-23 21:06:03,322 [INFO] IPUIPlugin:80 - create IPUIPlugin
2025-03-23 21:06:03,322 [INFO] PluginManager:220 - loadIPPluginJar : add usart
2025-03-23 21:06:03,323 [INFO] IPUIPlugin:80 - create IPUIPlugin
2025-03-23 21:06:03,323 [INFO] PluginManager:220 - loadIPPluginJar : add ddr_ctrl_phy
2025-03-23 21:06:03,326 [INFO] IPUIPlugin:80 - create IPUIPlugin
2025-03-23 21:06:03,326 [INFO] PluginManager:220 - loadIPPluginJar : add mdma
2025-03-23 21:06:03,329 [INFO] IPUIPlugin:80 - create IPUIPlugin
2025-03-23 21:06:03,329 [INFO] PluginManager:220 - loadIPPluginJar : add gic
2025-03-23 21:06:03,331 [INFO] IPUIPlugin:80 - create IPUIPlugin
2025-03-23 21:06:03,331 [INFO] PluginManager:220 - loadIPPluginJar : add fmc
2025-03-23 21:06:03,332 [INFO] IPUIPlugin:80 - create IPUIPlugin
2025-03-23 21:06:03,332 [INFO] PluginManager:220 - loadIPPluginJar : add gpio
2025-03-23 21:06:03,333 [INFO] IPUIPlugin:80 - create IPUIPlugin
2025-03-23 21:06:03,333 [INFO] PluginManager:220 - loadIPPluginJar : add comp
2025-03-23 21:06:03,333 [INFO] IPUIPlugin:80 - create IPUIPlugin
2025-03-23 21:06:03,334 [INFO] PluginManager:220 - loadIPPluginJar : add tsc
2025-03-23 21:06:03,335 [INFO] IPUIPlugin:80 - create IPUIPlugin
2025-03-23 21:06:03,335 [INFO] PluginManager:220 - loadIPPluginJar : add i2c
2025-03-23 21:06:03,336 [INFO] IPUIPlugin:80 - create IPUIPlugin
2025-03-23 21:06:03,336 [INFO] PluginManager:220 - loadIPPluginJar : add gtzc
2025-03-23 21:06:03,337 [INFO] IPUIPlugin:80 - create IPUIPlugin
2025-03-23 21:06:03,337 [INFO] PluginManager:220 - loadIPPluginJar : add ucpd
2025-03-23 21:06:03,338 [INFO] IPUIPlugin:80 - create IPUIPlugin
2025-03-23 21:06:03,338 [INFO] PluginManager:220 - loadIPPluginJar : add i2s
2025-03-23 21:06:03,339 [INFO] IPUIPlugin:80 - create IPUIPlugin
2025-03-23 21:06:03,339 [INFO] PluginManager:220 - loadIPPluginJar : add dfsdm
2025-03-23 21:06:03,339 [INFO] IPUIPlugin:80 - create IPUIPlugin
2025-03-23 21:06:03,339 [INFO] PluginManager:220 - loadIPPluginJar : add can
2025-03-23 21:06:03,340 [INFO] IPUIPlugin:80 - create IPUIPlugin
2025-03-23 21:06:03,340 [INFO] PluginManager:220 - loadIPPluginJar : add hash
2025-03-23 21:06:03,341 [INFO] IPUIPlugin:80 - create IPUIPlugin
2025-03-23 21:06:03,341 [INFO] PluginManager:220 - loadIPPluginJar : add usbx
2025-03-23 21:06:03,343 [INFO] IPUIPlugin:80 - create IPUIPlugin
2025-03-23 21:06:03,343 [INFO] PluginManager:220 - loadIPPluginJar : add ipddr
2025-03-23 21:06:03,344 [INFO] IPUIPlugin:80 - create IPUIPlugin
2025-03-23 21:06:03,344 [INFO] PluginManager:220 - loadIPPluginJar : add tracer_emb
2025-03-23 21:06:03,345 [INFO] IPUIPlugin:80 - create IPUIPlugin
2025-03-23 21:06:03,345 [INFO] PluginManager:220 - loadIPPluginJar : add resmgrutility
2025-03-23 21:06:03,346 [INFO] IPUIPlugin:80 - create IPUIPlugin
2025-03-23 21:06:03,346 [INFO] PluginManager:220 - loadIPPluginJar : add pdm2pcm
2025-03-23 21:06:03,349 [INFO] IPUIPlugin:80 - create IPUIPlugin
2025-03-23 21:06:03,349 [INFO] PluginManager:220 - loadIPPluginJar : add dma
2025-03-23 21:06:03,349 [INFO] IPUIPlugin:80 - create IPUIPlugin
2025-03-23 21:06:03,350 [INFO] PluginManager:220 - loadIPPluginJar : add radio
2025-03-23 21:06:03,350 [INFO] IPUIPlugin:80 - create IPUIPlugin
2025-03-23 21:06:03,350 [INFO] PluginManager:220 - loadIPPluginJar : add genericplugin
2025-03-23 21:06:03,351 [INFO] IPUIPlugin:80 - create IPUIPlugin
2025-03-23 21:06:03,351 [INFO] PluginManager:220 - loadIPPluginJar : add gfxmmu
2025-03-23 21:06:03,353 [INFO] IPUIPlugin:80 - create IPUIPlugin
2025-03-23 21:06:03,353 [INFO] PluginManager:220 - loadIPPluginJar : add touchsensing
2025-03-23 21:06:03,354 [INFO] IPUIPlugin:80 - create IPUIPlugin
2025-03-23 21:06:03,354 [INFO] PluginManager:220 - loadIPPluginJar : add ts
2025-03-23 21:06:03,357 [INFO] IPUIPlugin:80 - create IPUIPlugin
2025-03-23 21:06:03,357 [INFO] PluginManager:220 - loadIPPluginJar : add stm32_wpan
2025-03-23 21:06:03,358 [INFO] IPUIPlugin:80 - create IPUIPlugin
2025-03-23 21:06:03,358 [INFO] PluginManager:220 - loadIPPluginJar : add nvic
2025-03-23 21:06:03,361 [INFO] IPUIPlugin:80 - create IPUIPlugin
2025-03-23 21:06:03,361 [INFO] PluginManager:220 - loadIPPluginJar : add adc
2025-03-23 21:06:03,361 [INFO] IPUIPlugin:80 - create IPUIPlugin
2025-03-23 21:06:03,361 [INFO] PluginManager:220 - loadIPPluginJar : add tim
2025-03-23 21:06:03,362 [INFO] IPUIPlugin:80 - create IPUIPlugin
2025-03-23 21:06:03,362 [INFO] PluginManager:220 - loadIPPluginJar : add extmemmanager
2025-03-23 21:06:03,363 [INFO] IPUIPlugin:80 - create IPUIPlugin
2025-03-23 21:06:03,363 [INFO] PluginManager:220 - loadIPPluginJar : add aes
2025-03-23 21:06:03,364 [INFO] IPUIPlugin:80 - create IPUIPlugin
2025-03-23 21:06:03,364 [INFO] PluginManager:220 - loadIPPluginJar : add fatfs
2025-03-23 21:06:03,364 [INFO] IPUIPlugin:80 - create IPUIPlugin
2025-03-23 21:06:03,364 [INFO] PluginManager:220 - loadIPPluginJar : add ltdc
2025-03-23 21:06:03,365 [INFO] IPUIPlugin:80 - create IPUIPlugin
2025-03-23 21:06:03,365 [INFO] PluginManager:220 - loadIPPluginJar : add lorawan
2025-03-23 21:06:03,366 [INFO] IPUIPlugin:80 - create IPUIPlugin
2025-03-23 21:06:03,366 [INFO] PluginManager:220 - loadIPPluginJar : add i3c
2025-03-23 21:06:03,368 [INFO] IPUIPlugin:80 - create IPUIPlugin
2025-03-23 21:06:03,370 [INFO] PluginManager:220 - loadIPPluginJar : add plateformsettings
2025-03-23 21:06:03,371 [INFO] IPUIPlugin:80 - create IPUIPlugin
2025-03-23 21:06:03,371 [INFO] PluginManager:220 - loadIPPluginJar : add spi
2025-03-23 21:06:03,371 [INFO] IPUIPlugin:80 - create IPUIPlugin
2025-03-23 21:06:03,371 [INFO] PluginManager:220 - loadIPPluginJar : add quadspi
2025-03-23 21:06:03,372 [INFO] IPUIPlugin:80 - create IPUIPlugin
2025-03-23 21:06:03,372 [INFO] PluginManager:220 - loadIPPluginJar : add openamp
2025-03-23 21:06:03,373 [INFO] IPUIPlugin:80 - create IPUIPlugin
2025-03-23 21:06:03,373 [INFO] PluginManager:220 - loadIPPluginJar : add sai
2025-03-23 21:06:03,376 [INFO] IPUIPlugin:80 - create IPUIPlugin
2025-03-23 21:06:03,376 [INFO] PluginManager:220 - loadIPPluginJar : add freertos
2025-03-23 21:06:03,377 [INFO] IPUIPlugin:80 - create IPUIPlugin
2025-03-23 21:06:03,377 [INFO] PluginManager:220 - loadIPPluginJar : add dma3
2025-03-23 21:06:03,380 [INFO] IPUIPlugin:80 - create IPUIPlugin
2025-03-23 21:06:03,380 [INFO] PluginManager:220 - loadIPPluginJar : add linkedlist
2025-03-23 21:06:03,381 [INFO] IPUIPlugin:80 - create IPUIPlugin
2025-03-23 21:06:03,381 [INFO] PluginManager:220 - loadIPPluginJar : add cryp
2025-03-23 21:06:03,470 [FATAL] Updater:351 - Updater called before beeing initialized
2025-03-23 21:06:03,483 [INFO] RulesReader:64 - Compatibility file has been processed (301 Rules)
2025-03-23 21:06:03,495 [INFO] RulesReader:64 - Compatibility file has been processed (301 Rules)
2025-03-23 21:06:03,500 [INFO] CADModel:165 - CPN selected for project level
2025-03-23 21:06:03,500 [INFO] CADModel:114 - Register for checkConnection events
2025-03-23 21:06:03,500 [FATAL] Updater:351 - Updater called before beeing initialized
2025-03-23 21:06:03,500 [ERROR] CADModel:125 - Updater not yet initialized, retry later 
2025-03-23 21:06:03,566 [FATAL] Updater:351 - Updater called before beeing initialized
2025-03-23 21:06:03,567 [INFO] CADModel:165 - CPN selected for project level
2025-03-23 21:06:03,567 [INFO] CADModel:114 - Register for checkConnection events
2025-03-23 21:06:03,567 [FATAL] Updater:351 - Updater called before beeing initialized
2025-03-23 21:06:03,567 [ERROR] CADModel:125 - Updater not yet initialized, retry later 
2025-03-23 21:06:03,568 [FATAL] Updater:351 - Updater called before beeing initialized
2025-03-23 21:06:03,618 [FATAL] Updater:351 - Updater called before beeing initialized
2025-03-23 21:06:03,620 [INFO] DbMcusAds:53 - JSON generation date=Thu Mar 06 15:54:21 CET 2025 (1741272861825)
2025-03-23 21:06:03,620 [FATAL] Updater:351 - Updater called before beeing initialized
2025-03-23 21:06:03,638 [WARN] DetailPanel:346 - Failed to get advertising image, set to default
2025-03-23 21:06:03,790 [FATAL] Updater:351 - Updater called before beeing initialized
2025-03-23 21:06:03,791 [FATAL] Updater:351 - Updater called before beeing initialized
2025-03-23 21:06:03,791 [FATAL] Updater:351 - Updater called before beeing initialized
2025-03-23 21:06:03,791 [WARN] DetailPanel:346 - Failed to get advertising image, set to default
2025-03-23 21:06:03,792 [FATAL] Updater:351 - Updater called before beeing initialized
2025-03-23 21:06:03,811 [ERROR] Updater:1198 - MainUpdater not yet initialized. External WinMGr cannot be set.
2025-03-23 21:06:03,811 [INFO] Updater:1134 - Updater Version found : 6.14.0
2025-03-23 21:06:03,822 [INFO] ApplicationProperties:184 - Using Application install path: /home/vakhaib/st/stm32cubeide_1.17.0/plugins/com.st.stm32cube.common.mx_6.14.0.202502271554
2025-03-23 21:06:04,021 [INFO] MainUpdater:2872 - connection check result : 10
2025-03-23 21:06:04,021 [INFO] MainUpdater:289 - Updater Check For Update Now.
2025-03-23 21:06:04,021 [INFO] MicroXplorer:498 - Change Database Version : DB.6.0.140
2025-03-23 21:06:04,024 [INFO] McuFinderGlobals:63 - Set McuFinder mode to 2 (CubeIDE integrated)
2025-03-23 21:06:04,024 [INFO] UserAuth:486 - Internet connection configuration mode: 1
2025-03-23 21:06:04,031 [INFO] JxBrowserEngine:152 - Initiate JxBrowser Engine with user profile folder
2025-03-23 21:06:04,161 [INFO] CheckServerUpdateThread:120 - End of CheckServer Thread
2025-03-23 21:06:04,438 [INFO] WebApp:169 - Instantiating new browser for Auth
2025-03-23 21:06:04,847 [INFO] WebApp:463 - Apply proxy settings
2025-03-23 21:06:04,847 [INFO] WebApp:548 - Chromium requires no authentication
2025-03-23 21:06:04,850 [INFO] WebApp:491 - Direct internet connection detected
2025-03-23 21:06:04,859 [INFO] WebApp:894 - Register for checkConnection events
2025-03-23 21:06:04,859 [INFO] WebApp:463 - Apply proxy settings
2025-03-23 21:06:04,859 [INFO] WebApp:548 - Chromium requires no authentication
2025-03-23 21:06:04,859 [INFO] WebApp:491 - Direct internet connection detected
2025-03-23 21:06:04,928 [INFO] WebApp:225 - Starting web application
2025-03-23 21:06:04,928 [INFO] WebApp:593 - Web application path used /home/vakhaib/st/stm32cubeide_1.17.0/plugins/com.st.stm32cube.common.mx_6.14.0.202502271554/db/plugins/mcufinder/reactClient1/index.html
2025-03-23 21:06:04,985 [INFO] UserAuth:486 - Internet connection configuration mode: 1
2025-03-23 21:06:05,075 [INFO] WebApp:191 - Connection restablished
2025-03-23 21:06:06,149 [WARN] PackLoader:240 - Cannot read IP mode file for STMicroelectronics.FP-SNS-MOTENVWB1.1.4.0
2025-03-23 21:06:06,154 [WARN] PackLoader:240 - Cannot read IP mode file for STMicroelectronics.FP-ATR-ASTRA1.2.0.2
2025-03-23 21:06:06,156 [WARN] PackLoader:240 - Cannot read IP mode file for STMicroelectronics.FP-ATR-ASTRA1.2.0.1
2025-03-23 21:06:06,160 [WARN] PackLoader:240 - Cannot read IP mode file for STMicroelectronics.X-CUBE-SMBUS.2.1.0
2025-03-23 21:06:06,163 [WARN] PackLoader:240 - Cannot read IP mode file for STMicroelectronics.X-CUBE-WB05N.1.1.0
2025-03-23 21:06:06,165 [WARN] PackLoader:240 - Cannot read IP mode file for STMicroelectronics.X-CUBE-TOUCHGFX.4.23.1
2025-03-23 21:06:06,166 [WARN] PackLoader:240 - Cannot read IP mode file for STMicroelectronics.X-CUBE-TOUCHGFX.4.23.0
2025-03-23 21:06:06,167 [WARN] PackLoader:240 - Cannot read IP mode file for STMicroelectronics.X-CUBE-TOUCHGFX.4.23.2
2025-03-23 21:06:06,181 [WARN] PackLoader:240 - Cannot read IP mode file for STMicroelectronics.X-CUBE-AZRTOS-F7.1.1.0
2025-03-23 21:06:06,186 [WARN] PackLoader:240 - Cannot read IP mode file for STMicroelectronics.FP-SNS-MOTENV1.4.3.2
2025-03-23 21:06:06,213 [WARN] PackLoader:240 - Cannot read IP mode file for STMicroelectronics.X-CUBE-MEMS1.11.0.0
2025-03-23 21:06:06,303 [WARN] PackLoader:240 - Cannot read IP mode file for STMicroelectronics.FP-SNS-FLIGHT1.5.0.2
2025-03-23 21:06:06,309 [WARN] PackLoader:240 - Cannot read IP mode file for STMicroelectronics.X-CUBE-DISPLAY.3.0.0
2025-03-23 21:06:06,316 [WARN] PackLoader:240 - Cannot read IP mode file for STMicroelectronics.X-CUBE-BLE1.7.0.0
2025-03-23 21:06:06,341 [WARN] PackLoader:240 - Cannot read IP mode file for STMicroelectronics.X-CUBE-NFC10.1.0.0
2025-03-23 21:06:06,354 [WARN] PackLoader:240 - Cannot read IP mode file for STMicroelectronics.X-CUBE-BLEMGR.4.0.0
2025-03-23 21:06:06,361 [WARN] PackLoader:240 - Cannot read IP mode file for emotas.I-CUBE-CANOPEN.1.3.0
2025-03-23 21:06:06,364 [WARN] PackLoader:240 - Cannot read IP mode file for STMicroelectronics.X-CUBE-TOUCHGFX.4.22.0
2025-03-23 21:06:06,366 [WARN] PackLoader:240 - Cannot read IP mode file for STMicroelectronics.X-CUBE-TOUCHGFX.4.22.1
2025-03-23 21:06:06,372 [WARN] PackLoader:240 - Cannot read IP mode file for STMicroelectronics.X-CUBE-BLEMGR.3.1.0
2025-03-23 21:06:06,376 [WARN] PackLoader:240 - Cannot read IP mode file for STMicroelectronics.X-CUBE-AI.10.0.0
2025-03-23 21:06:06,378 [WARN] PackLoader:240 - Cannot read IP mode file for STMicroelectronics.FP-SNS-SMARTAG2.1.2.0
2025-03-23 21:06:06,380 [WARN] PackLoader:240 - Cannot read IP mode file for STMicroelectronics.FP-SNS-FLIGHT1.5.1.0
2025-03-23 21:06:06,406 [WARN] PackLoader:240 - Cannot read IP mode file for STMicroelectronics.X-CUBE-MEMS1.11.1.0
2025-03-23 21:06:06,460 [INFO] LogOutputStream:77 - [STDOUT_REDIRECT] 1 : Invalid condition id : UX_CORESTACK_Condition cause : null
2025-03-23 21:06:06,460 [INFO] LogOutputStream:77 - [STDOUT_REDIRECT] 1 : Invalid condition id : UX_CORESTACK_Condition cause : null
2025-03-23 21:06:06,461 [INFO] LogOutputStream:77 - [STDOUT_REDIRECT] 1 : Invalid condition id : UX_CORESTACK_Condition cause : null
2025-03-23 21:06:06,461 [INFO] LogOutputStream:77 - [STDOUT_REDIRECT] 1 : Invalid condition id : UX_CORESTACK_Condition cause : null
2025-03-23 21:06:06,461 [INFO] LogOutputStream:77 - [STDOUT_REDIRECT] 1 : Invalid condition id : UX_CORESTACK_Condition cause : null
2025-03-23 21:06:06,463 [WARN] PackLoader:240 - Cannot read IP mode file for STMicroelectronics.X-CUBE-AZRTOS-WL.2.0.0
2025-03-23 21:06:06,466 [WARN] PackLoader:240 - Cannot read IP mode file for STMicroelectronics.FP-SNS-MOTENV1.5.0.0
2025-03-23 21:06:06,468 [WARN] PackLoader:240 - Cannot read IP mode file for wolfSSL.I-CUBE-wolfMQTT.1.19.0
2025-03-23 21:06:06,471 [WARN] PackLoader:240 - Cannot read IP mode file for WES.I-CUBE-Cesium.1.3.0
2025-03-23 21:06:06,473 [WARN] PackLoader:240 - Cannot read IP mode file for STMicroelectronics.X-CUBE-BLE2.3.3.0
2025-03-23 21:06:06,476 [WARN] PackLoader:240 - Cannot read IP mode file for STMicroelectronics.X-CUBE-NFC9.1.0.0
2025-03-23 21:06:06,478 [WARN] PackLoader:240 - Cannot read IP mode file for STMicroelectronics.X-CUBE-BLE1.7.1.0
2025-03-23 21:06:06,480 [WARN] PackLoader:240 - Cannot read IP mode file for STMicroelectronics.X-CUBE-TCPP.4.1.0
2025-03-23 21:06:06,483 [WARN] PackLoader:240 - Cannot read IP mode file for STMicroelectronics.X-CUBE-ALGOBUILD.1.3.0
2025-03-23 21:06:06,490 [WARN] PackLoader:240 - Cannot read IP mode file for STMicroelectronics.X-CUBE-AZRTOS-G0.1.1.0
2025-03-23 21:06:06,493 [WARN] PackLoader:240 - Cannot read IP mode file for STMicroelectronics.X-CUBE-SAFEA1.1.2.2
2025-03-23 21:06:06,496 [WARN] PackLoader:240 - Cannot read IP mode file for STMicroelectronics.X-CUBE-NFC4.3.0.0
2025-03-23 21:06:06,500 [WARN] PackLoader:240 - Cannot read IP mode file for EmbeddedOffice.I-CUBE-FS-RTOS.1.0.1
2025-03-23 21:06:06,504 [WARN] PackLoader:240 - Cannot read IP mode file for STMicroelectronics.X-CUBE-BLEMGR.3.0.0
2025-03-23 21:06:06,508 [WARN] PackLoader:240 - Cannot read IP mode file for STMicroelectronics.X-CUBE-TCPP.4.2.0
2025-03-23 21:06:06,512 [WARN] PackLoader:240 - Cannot read IP mode file for RealThread.X-CUBE-RT-Thread_Nano.4.1.1
2025-03-23 21:06:06,514 [WARN] PackLoader:240 - Cannot read IP mode file for STMicroelectronics.FP-ATR-SIGFOX1.3.2.0
2025-03-23 21:06:06,516 [WARN] ConditionMgr:438 - getConditionDescription Invalid condition id : Cortex-A Device cause : null
2025-03-23 21:06:06,524 [WARN] ConditionMgr:1044 - genDependencies : Invalid condition id : Cortex-A Device cause : null
2025-03-23 21:06:06,524 [WARN] ConditionMgr:1044 - genDependencies : Invalid condition id : Cortex-A Device cause : null
2025-03-23 21:06:06,524 [WARN] ConditionMgr:1044 - genDependencies : Invalid condition id : Cortex-A Device cause : null
2025-03-23 21:06:06,526 [WARN] PackLoader:240 - Cannot read IP mode file for STMicroelectronics.X-CUBE-EEPRMA1.5.1.0
2025-03-23 21:06:06,540 [WARN] PackLoader:240 - Cannot read IP mode file for SEGGER.I-CUBE-embOS.1.3.1
2025-03-23 21:06:06,557 [WARN] PackLoader:240 - Cannot read IP mode file for STMicroelectronics.X-CUBE-ALGOBUILD.1.4.0
2025-03-23 21:06:06,559 [WARN] PackLoader:240 - Cannot read IP mode file for STMicroelectronics.X-CUBE-AI.9.1.0
2025-03-23 21:06:06,560 [WARN] PackLoader:240 - Cannot read IP mode file for STMicroelectronics.X-CUBE-GNSS1.6.0.0
2025-03-23 21:06:06,566 [WARN] PackLoader:240 - Cannot read IP mode file for STMicroelectronics.X-CUBE-AZRTOS-F4.1.1.0
2025-03-23 21:06:06,569 [WARN] PackLoader:240 - Cannot read IP mode file for wolfSSL.I-CUBE-wolfSSL.5.6.3
2025-03-23 21:06:06,570 [WARN] PackLoader:240 - Cannot read IP mode file for STMicroelectronics.X-CUBE-ISPU.2.1.0
2025-03-23 21:06:06,572 [WARN] PackLoader:240 - Cannot read IP mode file for STMicroelectronics.X-CUBE-FREERTOS.1.2.0
2025-03-23 21:06:06,577 [WARN] PackLoader:240 - Cannot read IP mode file for STMicroelectronics.X-CUBE-AZRTOS-L5.2.0.0
2025-03-23 21:06:06,592 [WARN] PackLoader:240 - Cannot read IP mode file for STMicroelectronics.X-CUBE-MEMS1.9.6.0
2025-03-23 21:06:06,653 [WARN] PackLoader:240 - Cannot read IP mode file for STMicroelectronics.X-CUBE-EEPRMA1.4.2.0
2025-03-23 21:06:06,659 [WARN] PackLoader:240 - Cannot read IP mode file for STMicroelectronics.X-CUBE-NFC6.3.1.0
2025-03-23 21:06:06,725 [WARN] PackLoader:240 - Cannot read IP mode file for ITTIA_DB.I-CUBE-ITTIADB.8.8.0
2025-03-23 21:06:06,728 [WARN] PackLoader:240 - Cannot read IP mode file for STMicroelectronics.X-CUBE-BLEMGR.2.0.0
2025-03-23 21:06:06,730 [WARN] PackLoader:240 - Cannot read IP mode file for STMicroelectronics.X-CUBE-DPower.1.2.0
2025-03-23 21:06:06,732 [WARN] PackLoader:240 - Cannot read IP mode file for STMicroelectronics.X-CUBE-AI.9.0.0
2025-03-23 21:06:06,739 [WARN] ConditionMgr:438 - getConditionDescription Invalid condition id : UX DEVICE CLASS RTOS Condition cause : null
2025-03-23 21:06:06,739 [WARN] ConditionMgr:438 - getConditionDescription Invalid condition id : UX DEVICE CLASS RTOS Condition cause : null
2025-03-23 21:06:06,741 [WARN] PackLoader:240 - Cannot read IP mode file for STMicroelectronics.X-CUBE-AZRTOS-H7.3.1.0
2025-03-23 21:06:06,741 [WARN] ConditionMgr:1044 - genDependencies : Invalid condition id : UX DEVICE CLASS RTOS Condition cause : null
2025-03-23 21:06:06,741 [WARN] ConditionMgr:1044 - genDependencies : Invalid condition id : UX DEVICE CLASS RTOS Condition cause : null
2025-03-23 21:06:06,742 [WARN] ConditionMgr:1044 - genDependencies : Invalid condition id : UX DEVICE CLASS RTOS Condition cause : null
2025-03-23 21:06:06,742 [WARN] ConditionMgr:1044 - genDependencies : Invalid condition id : UX DEVICE CLASS RTOS Condition cause : null
2025-03-23 21:06:06,742 [WARN] ConditionMgr:1044 - genDependencies : Invalid condition id : UX DEVICE CLASS RTOS Condition cause : null
2025-03-23 21:06:06,744 [WARN] PackLoader:240 - Cannot read IP mode file for STMicroelectronics.X-CUBE-FREERTOS.1.3.0
2025-03-23 21:06:06,746 [WARN] PackLoader:240 - Cannot read IP mode file for STMicroelectronics.X-CUBE-NFC7.1.0.1
2025-03-23 21:06:06,747 [WARN] PackLoader:240 - Cannot read IP mode file for wolfSSL.I-CUBE-wolfTPM.3.2.0
2025-03-23 21:06:06,750 [WARN] PackLoader:240 - Cannot read IP mode file for STMicroelectronics.X-CUBE-NFC6.3.0.0
2025-03-23 21:06:06,752 [WARN] PackLoader:240 - Cannot read IP mode file for STMicroelectronics.X-CUBE-EEPRMA1.4.1.0
2025-03-23 21:06:06,753 [WARN] PackLoader:240 - Cannot read IP mode file for STMicroelectronics.X-CUBE-AI.8.1.0
2025-03-23 21:06:06,760 [WARN] ConditionMgr:438 - getConditionDescription Invalid condition id : LAN8742 Phy interface Condition cause : null
2025-03-23 21:06:06,760 [WARN] PackLoader:240 - Cannot read IP mode file for STMicroelectronics.X-CUBE-AZRTOS-L4.2.0.0
2025-03-23 21:06:06,760 [WARN] ConditionMgr:1044 - genDependencies : Invalid condition id : LAN8742 Phy interface Condition cause : null
2025-03-23 21:06:06,761 [WARN] ConditionMgr:1044 - genDependencies : Invalid condition id : LAN8742 Phy interface Condition cause : null
2025-03-23 21:06:06,761 [WARN] ConditionMgr:1044 - genDependencies : Invalid condition id : LAN8742 Phy interface Condition cause : null
2025-03-23 21:06:06,763 [WARN] PackLoader:240 - Cannot read IP mode file for STMicroelectronics.X-CUBE-SFXS2LP1.4.0.0
2025-03-23 21:06:06,765 [WARN] PackLoader:240 - Cannot read IP mode file for STMicroelectronics.X-CUBE-ISPU.1.1.0
2025-03-23 21:06:06,772 [WARN] PackLoader:240 - Cannot read IP mode file for STMicroelectronics.X-CUBE-AZRTOS-H7.3.3.0
2025-03-23 21:06:06,777 [WARN] PackLoader:240 - Cannot read IP mode file for STMicroelectronics.X-CUBE-IPS.3.0.0
2025-03-23 21:06:06,782 [WARN] ConditionMgr:438 - getConditionDescription Invalid condition id : UX DEVICE CLASS RTOS Condition cause : null
2025-03-23 21:06:06,782 [WARN] ConditionMgr:438 - getConditionDescription Invalid condition id : UX DEVICE CLASS RTOS Condition cause : null
2025-03-23 21:06:06,783 [WARN] PackLoader:240 - Cannot read IP mode file for STMicroelectronics.X-CUBE-AZRTOS-WB.2.0.0
2025-03-23 21:06:06,783 [WARN] ConditionMgr:1044 - genDependencies : Invalid condition id : UX DEVICE CLASS RTOS Condition cause : null
2025-03-23 21:06:06,784 [WARN] ConditionMgr:1044 - genDependencies : Invalid condition id : UX DEVICE CLASS RTOS Condition cause : null
2025-03-23 21:06:06,784 [WARN] ConditionMgr:1044 - genDependencies : Invalid condition id : UX DEVICE CLASS RTOS Condition cause : null
2025-03-23 21:06:06,784 [WARN] ConditionMgr:1044 - genDependencies : Invalid condition id : UX DEVICE CLASS RTOS Condition cause : null
2025-03-23 21:06:06,784 [WARN] ConditionMgr:1044 - genDependencies : Invalid condition id : UX DEVICE CLASS RTOS Condition cause : null
2025-03-23 21:06:06,786 [WARN] PackLoader:240 - Cannot read IP mode file for STMicroelectronics.X-CUBE-GNSS1.7.0.0
2025-03-23 21:06:06,788 [WARN] PackLoader:240 - Cannot read IP mode file for STMicroelectronics.X-CUBE-GNSS1.7.0.1
2025-03-23 21:06:06,789 [WARN] PackLoader:240 - Cannot read IP mode file for STMicroelectronics.X-CUBE-TOUCHGFX.4.25.0
2025-03-23 21:06:06,791 [WARN] PackLoader:240 - Cannot read IP mode file for STMicroelectronics.FP-SNS-STBOX1.2.0.0
2025-03-23 21:06:06,795 [WARN] PackLoader:240 - Cannot read IP mode file for STMicroelectronics.X-CUBE-SUBG2.5.0.0
2025-03-23 21:06:06,808 [WARN] PackLoader:240 - Cannot read IP mode file for STMicroelectronics.X-CUBE-AZRTOS-H7RS.1.1.0
2025-03-23 21:06:06,810 [WARN] PackLoader:240 - Cannot read IP mode file for Cesanta.I-CUBE-Mongoose.7.13.0
2025-03-23 21:06:06,813 [WARN] PackLoader:240 - Cannot read IP mode file for STMicroelectronics.X-CUBE-TOF1.3.3.1
2025-03-23 21:06:06,821 [WARN] PackLoader:240 - Cannot read IP mode file for STMicroelectronics.X-CUBE-AZRTOS-G4.2.0.0
2025-03-23 21:06:06,826 [WARN] PackLoader:240 - Cannot read IP mode file for Infineon.AIROC-Wi-Fi-Bluetooth-STM32.1.5.1
2025-03-23 21:06:06,828 [WARN] PackLoader:240 - Cannot read IP mode file for STMicroelectronics.FP-SNS-MOTENVWB1.1.3.0
2025-03-23 21:06:06,829 [WARN] PackLoader:240 - Cannot read IP mode file for STMicroelectronics.FP-SNS-MOTENVWB1.1.3.1
2025-03-23 21:06:06,830 [WARN] PackLoader:240 - Cannot read IP mode file for STMicroelectronics.X-CUBE-ISPU.2.0.0
2025-03-23 21:06:06,834 [WARN] PackLoader:240 - Cannot read IP mode file for STMicroelectronics.X-CUBE-IPS.3.1.0
2025-03-23 21:06:06,837 [WARN] PackLoader:240 - Cannot read IP mode file for STMicroelectronics.X-CUBE-ALS.1.0.2
2025-03-23 21:06:06,848 [WARN] PackLoader:240 - Cannot read IP mode file for STMicroelectronics.X-CUBE-MEMS1.10.0.0
2025-03-23 21:06:06,886 [WARN] PackLoader:240 - Cannot read IP mode file for STMicroelectronics.X-CUBE-FREERTOS.1.1.0
2025-03-23 21:06:06,887 [WARN] PackLoader:240 - Cannot read IP mode file for STMicroelectronics.X-CUBE-TOUCHGFX.4.24.0
2025-03-23 21:06:06,887 [WARN] PackLoader:240 - Cannot read IP mode file for STMicroelectronics.X-CUBE-TOUCHGFX.4.24.2
2025-03-23 21:06:06,888 [WARN] PackLoader:240 - Cannot read IP mode file for STMicroelectronics.X-CUBE-TOUCHGFX.4.24.1
2025-03-23 21:06:06,889 [WARN] PackLoader:240 - Cannot read IP mode file for portGmbH.I-Cube-SoM-uGOAL.1.1.0
2025-03-23 21:06:06,891 [WARN] PackLoader:240 - Cannot read IP mode file for STMicroelectronics.X-CUBE-ALS.1.0.1
2025-03-23 21:06:06,899 [WARN] PackLoader:240 - Cannot read IP mode file for STMicroelectronics.X-CUBE-AZRTOS-H7RS.1.0.0
2025-03-23 21:06:06,901 [WARN] PackLoader:240 - Cannot read IP mode file for STMicroelectronics.FP-ATR-ASTRA1.2.0.0
2025-03-23 21:06:06,904 [WARN] PackLoader:240 - Cannot read IP mode file for STMicroelectronics.X-CUBE-TOF1.3.4.2
2025-03-23 21:06:06,910 [WARN] PackLoader:240 - Cannot read IP mode file for STMicroelectronics.X-CUBE-TOF1.3.4.0
2025-03-23 21:06:06,916 [WARN] PackLoader:240 - Cannot read IP mode file for STMicroelectronics.X-CUBE-TOF1.3.4.1
2025-03-23 21:06:06,926 [WARN] PackLoader:240 - Cannot read IP mode file for STMicroelectronics.X-CUBE-AZRTOS-H7.3.2.0
2025-03-23 21:06:06,929 [WARN] PackLoader:240 - Cannot read IP mode file for wolfSSL.I-CUBE-wolfSSH.1.4.17
2025-03-23 21:06:06,929 [INFO] ThirdParty:978 - Integrity check success = true
2025-03-23 21:06:06,929 [INFO] IntegrityCheckThread:100 - exiting critical section [integrity check]
2025-03-23 21:06:06,929 [INFO] IntegrityCheckThread:103 - End integrity checks thread
2025-03-23 21:42:23,412 [INFO] WebApp:194 - Connection lost
2025-03-23 21:42:25,529 [INFO] WebApp:191 - Connection restablished
2025-03-23 22:17:19,916 [ERROR] LogOutputStream:75 - [STDERR_REDIRECT] 
