2025-03-11 17:49:08,715 [INFO] WebApp:191 - Connection restablished
2025-03-11 18:06:43,377 [INFO] UtilMem:75 - End SaveConfig() Used Memory: 707331672 Bytes (867172352)
2025-03-11 18:06:44,292 [INFO] UtilMem:75 - End SaveConfig() Used Memory: 723230960 Bytes (867172352)
2025-03-11 18:06:46,000 [INFO] UtilMem:75 - End SaveConfig() Used Memory: 762379864 Bytes (867172352)
2025-03-11 18:06:46,203 [INFO] BlockDiagram:2775 - set Specific Code input for plugin: NVIC
2025-03-11 18:06:46,203 [INFO] BlockDiagram:2775 - set Specific Code input for plugin: TIM1_8F1
2025-03-11 18:06:46,204 [INFO] BlockDiagram:2775 - set Specific Code input for plugin: TIM1_8F1
2025-03-11 18:06:46,204 [INFO] BlockDiagram:2775 - set Specific Code input for plugin: ADC
2025-03-11 18:06:46,204 [INFO] BlockDiagram:2775 - set Specific Code input for plugin: SYS
2025-03-11 18:06:46,204 [INFO] BlockDiagram:2775 - set Specific Code input for plugin: GPIO
2025-03-11 18:06:46,204 [INFO] BlockDiagram:2775 - set Specific Code input for plugin: ADC
2025-03-11 18:06:46,205 [INFO] BlockDiagram:2775 - set Specific Code input for plugin: RCC
2025-03-11 18:06:46,205 [INFO] CodeGenerator:882 - code generatio: config db path: /home/vakhaib/st/stm32cubeide_1.17.0/plugins/com.st.stm32cube.common.mx_6.14.0.202502271554//db/
2025-03-11 18:06:46,293 [INFO] CodeEngine:263 - oldGeneratedFile, /home/vakhaib/Desktop/aplikace/Strojni_posuv/Firmware/Posuv/MXTmpFiles/license.tmp_save
2025-03-11 18:06:46,471 [INFO] CodeEngine:287 - Generated code: /home/vakhaib/Desktop/aplikace/Strojni_posuv/Firmware/Posuv/MXTmpFiles/license.tmp
2025-03-11 18:06:46,502 [INFO] CodeEngine:263 - oldGeneratedFile, /home/vakhaib/Desktop/aplikace/Strojni_posuv/Firmware/Posuv/MXTmpFiles/gpio.tmp_save
2025-03-11 18:06:46,606 [INFO] CodeEngine:287 - Generated code: /home/vakhaib/Desktop/aplikace/Strojni_posuv/Firmware/Posuv/MXTmpFiles/gpio.tmp
2025-03-11 18:06:46,736 [INFO] CodeEngine:263 - oldGeneratedFile, /home/vakhaib/Desktop/aplikace/Strojni_posuv/Firmware/Posuv/Core/Src/stm32f1xx_it.c_save
2025-03-11 18:06:46,918 [INFO] CodeEngine:287 - Generated code: /home/vakhaib/Desktop/aplikace/Strojni_posuv/Firmware/Posuv/Core/Src/stm32f1xx_it.c
2025-03-11 18:06:46,920 [INFO] CodeEngine:263 - oldGeneratedFile, /home/vakhaib/Desktop/aplikace/Strojni_posuv/Firmware/Posuv/Core/Inc/stm32f1xx_it.h_save
2025-03-11 18:06:46,987 [INFO] CodeEngine:287 - Generated code: /home/vakhaib/Desktop/aplikace/Strojni_posuv/Firmware/Posuv/Core/Inc/stm32f1xx_it.h
2025-03-11 18:06:46,990 [INFO] CodeEngine:263 - oldGeneratedFile, /home/vakhaib/Desktop/aplikace/Strojni_posuv/Firmware/Posuv/Core/Src/stm32f1xx_hal_msp.c_save
2025-03-11 18:06:47,112 [INFO] CodeEngine:287 - Generated code: /home/vakhaib/Desktop/aplikace/Strojni_posuv/Firmware/Posuv/Core/Src/stm32f1xx_hal_msp.c
2025-03-11 18:06:47,113 [INFO] CodeEngine:263 - oldGeneratedFile, /home/vakhaib/Desktop/aplikace/Strojni_posuv/Firmware/Posuv/MXTmpFiles/system.tmp_save
2025-03-11 18:06:47,174 [INFO] CodeEngine:287 - Generated code: /home/vakhaib/Desktop/aplikace/Strojni_posuv/Firmware/Posuv/MXTmpFiles/system.tmp
2025-03-11 18:06:47,178 [INFO] CodeEngine:319 - oldGeneratedFile, /home/vakhaib/Desktop/aplikace/Strojni_posuv/Firmware/Posuv/Core/Inc/stm32f1xx_hal_conf.h_save
2025-03-11 18:06:47,253 [INFO] CodeEngine:343 - Generated code: /home/vakhaib/Desktop/aplikace/Strojni_posuv/Firmware/Posuv/Core/Inc/stm32f1xx_hal_conf.h
2025-03-11 18:06:47,300 [INFO] ApiDbMcu:508 - Load IP Config File for TIM2
2025-03-11 18:06:47,302 [WARN] IPConfigManager:3747 - IP not found : TIM
2025-03-11 18:06:47,302 [WARN] CodeGenerator:4198 - IP not found : null
2025-03-11 18:06:47,304 [INFO] CodeEngine:263 - oldGeneratedFile, /home/vakhaib/Desktop/aplikace/Strojni_posuv/Firmware/Posuv/Core/Inc/main.h_save
2025-03-11 18:06:47,391 [INFO] CodeEngine:287 - Generated code: /home/vakhaib/Desktop/aplikace/Strojni_posuv/Firmware/Posuv/Core/Inc/main.h
2025-03-11 18:06:47,392 [INFO] CodeEngine:263 - oldGeneratedFile, /home/vakhaib/Desktop/aplikace/Strojni_posuv/Firmware/Posuv/Core/Src/main.c_save
2025-03-11 18:06:47,484 [INFO] CodeEngine:287 - Generated code: /home/vakhaib/Desktop/aplikace/Strojni_posuv/Firmware/Posuv/Core/Src/main.c
2025-03-11 18:06:47,614 [INFO] ProjectBuilder:3324 - Time for Copy HAL[1] : 15mS.
2025-03-11 18:06:47,615 [INFO] ProjectBuilder:4912 - Project Generator version: 4.6.0-B36
2025-03-11 18:06:47,676 [INFO] ConfigFileManager:1590 - The Die is : DIE410
2025-03-11 18:06:48,182 [INFO] ProjectBuilder:5191 - Time for Generating toolchain IDE Files: 566mS.
2025-03-11 18:06:48,182 [INFO] ProjectBuilder:3181 - Time for Copy CMSIS : 0mS.
2025-03-11 18:06:48,182 [INFO] ProjectBuilder:3181 - Time for Copy CMSIS : 0mS.
