2025-05-04 14:29:23,174 [INFO] Activator:176 - 


2025-05-04 14:29:23,176 [INFO] Activator:177 - !SESSION log4j initialized
2025-05-04 14:29:25,756 [INFO] LogOutputStream:77 - [STDOUT_REDIRECT] 
2025-05-04 14:29:26,080 [INFO] ApplicationProperties:184 - Using Application install path: /home/vakhaib/st/stm32cubeide_1.17.0/plugins/com.st.stm32cube.common.mx_6.14.0.202502271554
2025-05-04 14:29:26,094 [INFO] DbMcusXml:78 - Set database path to: /home/vakhaib/st/stm32cubeide_1.17.0/plugins/com.st.stm32cube.common.mx_6.14.0.202502271554//db//mcu/
2025-05-04 14:29:26,094 [INFO] ApiDb:274 - Set plugin database path to: /home/vakhaib/st/stm32cubeide_1.17.0/plugins/com.st.stm32cube.common.mx_6.14.0.202502271554//db//plugins/boardmanager/
2025-05-04 14:29:26,094 [WARN] ApiDb:259 - Overriding images path with different value:  => /home/vakhaib/st/stm32cubeide_1.17.0/plugins/com.st.stm32cube.common.mx_6.14.0.202502271554//db//plugins/mcufinder/images/
2025-05-04 14:29:26,098 [INFO] ApiDb:250 - Set database path to: /home/vakhaib/.stmcufinder/plugins/mcufinder//mcu/
2025-05-04 14:29:26,098 [INFO] DbMcusAds:125 - Set database path to: /home/vakhaib/.stmcufinder/plugins/mcufinder//mcu/
2025-05-04 14:29:26,100 [INFO] CrossReferenceDbSqlite:203 - Set database path to: /home/vakhaib/.stmcufinder/plugins/mcufinder//mcu/cs/
2025-05-04 14:29:26,162 [INFO] RulesReader:64 - Compatibility file has been processed (301 Rules)
2025-05-04 14:29:26,199 [INFO] DbMcusXml:78 - Set database path to: /home/vakhaib/st/stm32cubeide_1.17.0/plugins/com.st.stm32cube.common.mx_6.14.0.202502271554//db//mcu/
2025-05-04 14:29:26,199 [INFO] ApiDb:274 - Set plugin database path to: /home/vakhaib/st/stm32cubeide_1.17.0/plugins/com.st.stm32cube.common.mx_6.14.0.202502271554//db//plugins/boardmanager/
2025-05-04 14:29:26,199 [INFO] ApiDb:261 - Set plugin images path to: /home/vakhaib/st/stm32cubeide_1.17.0/plugins/com.st.stm32cube.common.mx_6.14.0.202502271554//db//plugins/mcufinder/images/
2025-05-04 14:29:26,199 [WARN] DbFile:41 - Overriding database path with different value: /home/vakhaib/.stmcufinder/plugins/mcufinder/ => /home/vakhaib/.stmcufinder/plugins/mcufinder
2025-05-04 14:29:26,199 [INFO] ApiDb:250 - Set database path to: /home/vakhaib/.stmcufinder/plugins/mcufinder//mcu/
2025-05-04 14:29:26,199 [WARN] DbFile:41 - Overriding database path with different value: /home/vakhaib/.stmcufinder/plugins/mcufinder/ => /home/vakhaib/.stmcufinder/plugins/mcufinder
2025-05-04 14:29:26,199 [INFO] DbMcusAds:125 - Set database path to: /home/vakhaib/.stmcufinder/plugins/mcufinder//mcu/
2025-05-04 14:29:26,199 [WARN] DbFile:41 - Overriding database path with different value: /home/vakhaib/.stmcufinder/plugins/mcufinder/ => /home/vakhaib/.stmcufinder/plugins/mcufinder
2025-05-04 14:29:26,200 [WARN] DbFile:41 - Overriding database path with different value: /home/vakhaib/.stmcufinder/plugins/mcufinder/ => /home/vakhaib/.stmcufinder/plugins/mcufinder
2025-05-04 14:29:26,200 [INFO] CrossReferenceDbSqlite:203 - Set database path to: /home/vakhaib/.stmcufinder/plugins/mcufinder//mcu/cs/
2025-05-04 14:29:26,241 [INFO] MainPanel:272 - HeapMemory: 268435456
2025-05-04 14:29:26,315 [INFO] DbMcusXml:78 - Set database path to: /home/vakhaib/st/stm32cubeide_1.17.0/plugins/com.st.stm32cube.common.mx_6.14.0.202502271554//db//mcu/
2025-05-04 14:29:26,315 [INFO] ApiDb:274 - Set plugin database path to: /home/vakhaib/st/stm32cubeide_1.17.0/plugins/com.st.stm32cube.common.mx_6.14.0.202502271554//db//plugins/boardmanager/
2025-05-04 14:29:26,315 [INFO] ApiDb:261 - Set plugin images path to: /home/vakhaib/st/stm32cubeide_1.17.0/plugins/com.st.stm32cube.common.mx_6.14.0.202502271554//db//plugins/mcufinder/images/
2025-05-04 14:29:26,315 [WARN] DbFile:41 - Overriding database path with different value: /home/vakhaib/.stmcufinder/plugins/mcufinder/ => /home/vakhaib/.stmcufinder/plugins/mcufinder
2025-05-04 14:29:26,315 [INFO] ApiDb:250 - Set database path to: /home/vakhaib/.stmcufinder/plugins/mcufinder//mcu/
2025-05-04 14:29:26,315 [WARN] DbFile:41 - Overriding database path with different value: /home/vakhaib/.stmcufinder/plugins/mcufinder/ => /home/vakhaib/.stmcufinder/plugins/mcufinder
2025-05-04 14:29:26,315 [INFO] DbMcusAds:125 - Set database path to: /home/vakhaib/.stmcufinder/plugins/mcufinder//mcu/
2025-05-04 14:29:26,316 [WARN] DbFile:41 - Overriding database path with different value: /home/vakhaib/.stmcufinder/plugins/mcufinder/ => /home/vakhaib/.stmcufinder/plugins/mcufinder
2025-05-04 14:29:26,316 [WARN] DbFile:41 - Overriding database path with different value: /home/vakhaib/.stmcufinder/plugins/mcufinder/ => /home/vakhaib/.stmcufinder/plugins/mcufinder
2025-05-04 14:29:26,316 [INFO] CrossReferenceDbSqlite:203 - Set database path to: /home/vakhaib/.stmcufinder/plugins/mcufinder//mcu/cs/
2025-05-04 14:29:26,327 [INFO] ApplicationProperties:184 - Using Application install path: /home/vakhaib/st/stm32cubeide_1.17.0/plugins/com.st.stm32cube.common.mx_6.14.0.202502271554
2025-05-04 14:29:26,328 [INFO] PluginManage:196 - Search for loadable plugins [exclusion list=, ]
2025-05-04 14:29:26,329 [INFO] PluginManage:310 - Check plugin analytics
2025-05-04 14:29:26,407 [INFO] AnalyticsPlugin:253 - Accepted Software Licenses: 
2025-05-04 14:29:26,407 [INFO] AnalyticsPlugin:255 - Accepted CMSIS Pack Licenses: STMicroelectronics.X-CUBE-NFC6.3.1.0
2025-05-04 14:29:26,407 [INFO] AnalyticsPlugin:257 - Accepted Firmware Licenses: FW.G0.1.6.0
2025-05-04 14:29:26,408 [INFO] PluginManage:359 - Loaded plugin analytics (category:tool,tabindex:-1)
2025-05-04 14:29:26,408 [INFO] PluginManage:310 - Check plugin cadmodel
2025-05-04 14:29:26,412 [INFO] CADModel:105 - Init CAD model plugin
2025-05-04 14:29:26,412 [INFO] PluginManage:359 - Loaded plugin cadmodel (category:power,tabindex:5)
2025-05-04 14:29:26,412 [INFO] PluginManage:310 - Check plugin clock
2025-05-04 14:29:26,417 [INFO] PluginManage:359 - Loaded plugin clock (category:base,tabindex:2)
2025-05-04 14:29:26,417 [INFO] PluginManage:310 - Check plugin ddr
2025-05-04 14:29:26,418 [INFO] PluginManage:359 - Loaded plugin ddr (category:tool,tabindex:6)
2025-05-04 14:29:26,418 [INFO] PluginManage:310 - Check plugin filemanager
2025-05-04 14:29:26,497 [INFO] PluginManage:359 - Loaded plugin filemanager (category:base,tabindex:10)
2025-05-04 14:29:26,497 [INFO] PluginManage:310 - Check plugin ipmanager
2025-05-04 14:29:26,500 [INFO] PluginManage:359 - Loaded plugin ipmanager (category:base,tabindex:5)
2025-05-04 14:29:26,500 [INFO] PluginManage:310 - Check plugin lpbam
2025-05-04 14:29:26,505 [INFO] PluginManage:359 - Loaded plugin lpbam (category:base,tabindex:0)
2025-05-04 14:29:26,505 [INFO] PluginManage:310 - Check plugin memorymap
2025-05-04 14:29:26,510 [INFO] PluginManage:359 - Loaded plugin memorymap (category:base,tabindex:4)
2025-05-04 14:29:26,510 [INFO] PluginManage:310 - Check plugin pinoutandconfiguration
2025-05-04 14:29:26,514 [INFO] PluginManage:359 - Loaded plugin pinoutandconfiguration (category:base,tabindex:1)
2025-05-04 14:29:26,514 [INFO] PluginManage:310 - Check plugin pinoutconfig
2025-05-04 14:29:26,558 [WARN] SupportedApi:132 - Cannot load RTOS API schema: s4s-elt-must-match.1: The content of 'definitions' must match (annotation?, (simpleType | complexType)?, (unique | key | keyref)*)). A problem was found starting at: attribute.
2025-05-04 14:29:26,633 [INFO] PluginManage:359 - Loaded plugin pinoutconfig (category:base,tabindex:0)
2025-05-04 14:29:26,633 [INFO] PluginManage:310 - Check plugin power
2025-05-04 14:29:26,638 [INFO] PluginManage:359 - Loaded plugin power (category:power,tabindex:4)
2025-05-04 14:29:26,638 [INFO] PluginManage:310 - Check plugin projectmanager
2025-05-04 14:29:26,648 [INFO] PluginManage:359 - Loaded plugin projectmanager (category:projectmanager,tabindex:4)
2025-05-04 14:29:26,648 [INFO] PluginManage:310 - Check plugin rif
2025-05-04 14:29:26,652 [INFO] PluginManage:359 - Loaded plugin rif (category:base,tabindex:3)
2025-05-04 14:29:26,652 [INFO] PluginManage:310 - Check plugin thirdparty
2025-05-04 14:29:26,717 [INFO] PluginManage:359 - Loaded plugin thirdparty (category:base,tabindex:-1)
2025-05-04 14:29:26,717 [INFO] PluginManage:310 - Check plugin tools
2025-05-04 14:29:26,717 [WARN] IntegrityCheckThread:84 - waiting for thirdparty lock release [integrity check]
2025-05-04 14:29:26,717 [INFO] IntegrityCheckThread:86 - entering critical section [integrity check]
2025-05-04 14:29:26,718 [INFO] ThirdPartyUpdaterWithRetryManager:70 - Updater plugin not ready yet. [1/15]
2025-05-04 14:29:26,719 [INFO] PluginManage:359 - Loaded plugin tools (category:base,tabindex:7)
2025-05-04 14:29:26,719 [INFO] PluginManage:310 - Check plugin tutovideos
2025-05-04 14:29:26,809 [INFO] PluginManage:359 - Loaded plugin tutovideos (category:base,tabindex:-1)
2025-05-04 14:29:26,809 [INFO] PluginManage:310 - Check plugin updater
2025-05-04 14:29:26,824 [INFO] PluginManage:359 - Loaded plugin updater (category:base,tabindex:12)
2025-05-04 14:29:26,824 [INFO] PluginManage:310 - Check plugin userauth
2025-05-04 14:29:26,827 [INFO] UserAuth:118 - Init User Auth plugin
2025-05-04 14:29:26,827 [INFO] PluginManage:359 - Loaded plugin userauth (category:base,tabindex:14)
2025-05-04 14:29:26,828 [INFO] PluginManage:283 - PluginManage : Loaded plugins [18]
2025-05-04 14:29:26,925 [INFO] PinOutPanel:1589 - setPackage(No Configuration,No Configuration)
2025-05-04 14:29:26,969 [INFO] CADModel:165 - CPN selected for project level
2025-05-04 14:29:26,970 [INFO] CADModel:114 - Register for checkConnection events
2025-05-04 14:29:26,979 [INFO] IPUIPlugin:80 - create IPUIPlugin
2025-05-04 14:29:26,979 [INFO] PluginManager:220 - loadIPPluginJar : add opamp
2025-05-04 14:29:26,981 [INFO] IPUIPlugin:80 - create IPUIPlugin
2025-05-04 14:29:26,981 [INFO] PluginManager:220 - loadIPPluginJar : add usart
2025-05-04 14:29:26,982 [INFO] IPUIPlugin:80 - create IPUIPlugin
2025-05-04 14:29:26,982 [INFO] PluginManager:220 - loadIPPluginJar : add ddr_ctrl_phy
2025-05-04 14:29:26,985 [INFO] IPUIPlugin:80 - create IPUIPlugin
2025-05-04 14:29:26,986 [INFO] PluginManager:220 - loadIPPluginJar : add mdma
2025-05-04 14:29:26,988 [INFO] IPUIPlugin:80 - create IPUIPlugin
2025-05-04 14:29:26,988 [INFO] PluginManager:220 - loadIPPluginJar : add gic
2025-05-04 14:29:26,990 [INFO] IPUIPlugin:80 - create IPUIPlugin
2025-05-04 14:29:26,990 [INFO] PluginManager:220 - loadIPPluginJar : add fmc
2025-05-04 14:29:26,992 [INFO] IPUIPlugin:80 - create IPUIPlugin
2025-05-04 14:29:26,992 [INFO] PluginManager:220 - loadIPPluginJar : add gpio
2025-05-04 14:29:26,993 [INFO] IPUIPlugin:80 - create IPUIPlugin
2025-05-04 14:29:26,993 [INFO] PluginManager:220 - loadIPPluginJar : add comp
2025-05-04 14:29:26,993 [INFO] IPUIPlugin:80 - create IPUIPlugin
2025-05-04 14:29:26,993 [INFO] PluginManager:220 - loadIPPluginJar : add tsc
2025-05-04 14:29:26,994 [INFO] IPUIPlugin:80 - create IPUIPlugin
2025-05-04 14:29:26,994 [INFO] PluginManager:220 - loadIPPluginJar : add i2c
2025-05-04 14:29:26,995 [INFO] IPUIPlugin:80 - create IPUIPlugin
2025-05-04 14:29:26,996 [INFO] PluginManager:220 - loadIPPluginJar : add gtzc
2025-05-04 14:29:26,996 [INFO] IPUIPlugin:80 - create IPUIPlugin
2025-05-04 14:29:26,996 [INFO] PluginManager:220 - loadIPPluginJar : add ucpd
2025-05-04 14:29:26,997 [INFO] IPUIPlugin:80 - create IPUIPlugin
2025-05-04 14:29:26,997 [INFO] PluginManager:220 - loadIPPluginJar : add i2s
2025-05-04 14:29:26,998 [INFO] IPUIPlugin:80 - create IPUIPlugin
2025-05-04 14:29:26,998 [INFO] PluginManager:220 - loadIPPluginJar : add dfsdm
2025-05-04 14:29:26,999 [INFO] IPUIPlugin:80 - create IPUIPlugin
2025-05-04 14:29:26,999 [INFO] PluginManager:220 - loadIPPluginJar : add can
2025-05-04 14:29:27,000 [INFO] IPUIPlugin:80 - create IPUIPlugin
2025-05-04 14:29:27,000 [INFO] PluginManager:220 - loadIPPluginJar : add hash
2025-05-04 14:29:27,002 [INFO] IPUIPlugin:80 - create IPUIPlugin
2025-05-04 14:29:27,002 [INFO] PluginManager:220 - loadIPPluginJar : add usbx
2025-05-04 14:29:27,003 [INFO] IPUIPlugin:80 - create IPUIPlugin
2025-05-04 14:29:27,003 [INFO] PluginManager:220 - loadIPPluginJar : add ipddr
2025-05-04 14:29:27,004 [INFO] IPUIPlugin:80 - create IPUIPlugin
2025-05-04 14:29:27,004 [INFO] PluginManager:220 - loadIPPluginJar : add tracer_emb
2025-05-04 14:29:27,006 [INFO] IPUIPlugin:80 - create IPUIPlugin
2025-05-04 14:29:27,006 [INFO] PluginManager:220 - loadIPPluginJar : add resmgrutility
2025-05-04 14:29:27,007 [INFO] IPUIPlugin:80 - create IPUIPlugin
2025-05-04 14:29:27,007 [INFO] PluginManager:220 - loadIPPluginJar : add pdm2pcm
2025-05-04 14:29:27,010 [INFO] IPUIPlugin:80 - create IPUIPlugin
2025-05-04 14:29:27,010 [INFO] PluginManager:220 - loadIPPluginJar : add dma
2025-05-04 14:29:27,011 [INFO] IPUIPlugin:80 - create IPUIPlugin
2025-05-04 14:29:27,011 [INFO] PluginManager:220 - loadIPPluginJar : add radio
2025-05-04 14:29:27,012 [INFO] IPUIPlugin:80 - create IPUIPlugin
2025-05-04 14:29:27,012 [INFO] PluginManager:220 - loadIPPluginJar : add genericplugin
2025-05-04 14:29:27,014 [INFO] IPUIPlugin:80 - create IPUIPlugin
2025-05-04 14:29:27,014 [INFO] PluginManager:220 - loadIPPluginJar : add gfxmmu
2025-05-04 14:29:27,015 [INFO] IPUIPlugin:80 - create IPUIPlugin
2025-05-04 14:29:27,016 [INFO] PluginManager:220 - loadIPPluginJar : add touchsensing
2025-05-04 14:29:27,016 [INFO] IPUIPlugin:80 - create IPUIPlugin
2025-05-04 14:29:27,016 [INFO] PluginManager:220 - loadIPPluginJar : add ts
2025-05-04 14:29:27,019 [INFO] IPUIPlugin:80 - create IPUIPlugin
2025-05-04 14:29:27,019 [INFO] PluginManager:220 - loadIPPluginJar : add stm32_wpan
2025-05-04 14:29:27,021 [INFO] IPUIPlugin:80 - create IPUIPlugin
2025-05-04 14:29:27,021 [INFO] PluginManager:220 - loadIPPluginJar : add nvic
2025-05-04 14:29:27,024 [INFO] IPUIPlugin:80 - create IPUIPlugin
2025-05-04 14:29:27,024 [INFO] PluginManager:220 - loadIPPluginJar : add adc
2025-05-04 14:29:27,025 [INFO] IPUIPlugin:80 - create IPUIPlugin
2025-05-04 14:29:27,025 [INFO] PluginManager:220 - loadIPPluginJar : add tim
2025-05-04 14:29:27,026 [INFO] IPUIPlugin:80 - create IPUIPlugin
2025-05-04 14:29:27,026 [INFO] PluginManager:220 - loadIPPluginJar : add extmemmanager
2025-05-04 14:29:27,027 [INFO] IPUIPlugin:80 - create IPUIPlugin
2025-05-04 14:29:27,027 [INFO] PluginManager:220 - loadIPPluginJar : add aes
2025-05-04 14:29:27,028 [INFO] IPUIPlugin:80 - create IPUIPlugin
2025-05-04 14:29:27,028 [INFO] PluginManager:220 - loadIPPluginJar : add fatfs
2025-05-04 14:29:27,028 [INFO] IPUIPlugin:80 - create IPUIPlugin
2025-05-04 14:29:27,029 [INFO] PluginManager:220 - loadIPPluginJar : add ltdc
2025-05-04 14:29:27,029 [INFO] IPUIPlugin:80 - create IPUIPlugin
2025-05-04 14:29:27,029 [INFO] PluginManager:220 - loadIPPluginJar : add lorawan
2025-05-04 14:29:27,031 [INFO] IPUIPlugin:80 - create IPUIPlugin
2025-05-04 14:29:27,031 [INFO] PluginManager:220 - loadIPPluginJar : add i3c
2025-05-04 14:29:27,034 [INFO] IPUIPlugin:80 - create IPUIPlugin
2025-05-04 14:29:27,035 [INFO] PluginManager:220 - loadIPPluginJar : add plateformsettings
2025-05-04 14:29:27,036 [INFO] IPUIPlugin:80 - create IPUIPlugin
2025-05-04 14:29:27,036 [INFO] PluginManager:220 - loadIPPluginJar : add spi
2025-05-04 14:29:27,037 [INFO] IPUIPlugin:80 - create IPUIPlugin
2025-05-04 14:29:27,037 [INFO] PluginManager:220 - loadIPPluginJar : add quadspi
2025-05-04 14:29:27,039 [INFO] IPUIPlugin:80 - create IPUIPlugin
2025-05-04 14:29:27,039 [INFO] PluginManager:220 - loadIPPluginJar : add openamp
2025-05-04 14:29:27,040 [INFO] IPUIPlugin:80 - create IPUIPlugin
2025-05-04 14:29:27,040 [INFO] PluginManager:220 - loadIPPluginJar : add sai
2025-05-04 14:29:27,043 [INFO] IPUIPlugin:80 - create IPUIPlugin
2025-05-04 14:29:27,044 [INFO] PluginManager:220 - loadIPPluginJar : add freertos
2025-05-04 14:29:27,045 [INFO] IPUIPlugin:80 - create IPUIPlugin
2025-05-04 14:29:27,045 [INFO] PluginManager:220 - loadIPPluginJar : add dma3
2025-05-04 14:29:27,049 [INFO] IPUIPlugin:80 - create IPUIPlugin
2025-05-04 14:29:27,049 [INFO] PluginManager:220 - loadIPPluginJar : add linkedlist
2025-05-04 14:29:27,050 [INFO] IPUIPlugin:80 - create IPUIPlugin
2025-05-04 14:29:27,050 [INFO] PluginManager:220 - loadIPPluginJar : add cryp
2025-05-04 14:29:27,141 [FATAL] Updater:351 - Updater called before beeing initialized
2025-05-04 14:29:27,157 [INFO] RulesReader:64 - Compatibility file has been processed (301 Rules)
2025-05-04 14:29:27,164 [INFO] RulesReader:64 - Compatibility file has been processed (301 Rules)
2025-05-04 14:29:27,168 [INFO] CADModel:165 - CPN selected for project level
2025-05-04 14:29:27,168 [INFO] CADModel:114 - Register for checkConnection events
2025-05-04 14:29:27,168 [FATAL] Updater:351 - Updater called before beeing initialized
2025-05-04 14:29:27,168 [ERROR] CADModel:125 - Updater not yet initialized, retry later 
2025-05-04 14:29:27,238 [FATAL] Updater:351 - Updater called before beeing initialized
2025-05-04 14:29:27,239 [INFO] CADModel:165 - CPN selected for project level
2025-05-04 14:29:27,239 [INFO] CADModel:114 - Register for checkConnection events
2025-05-04 14:29:27,239 [FATAL] Updater:351 - Updater called before beeing initialized
2025-05-04 14:29:27,239 [ERROR] CADModel:125 - Updater not yet initialized, retry later 
2025-05-04 14:29:27,241 [FATAL] Updater:351 - Updater called before beeing initialized
2025-05-04 14:29:27,284 [FATAL] Updater:351 - Updater called before beeing initialized
2025-05-04 14:29:27,287 [INFO] DbMcusAds:53 - JSON generation date=Thu Mar 06 15:54:21 CET 2025 (1741272861825)
2025-05-04 14:29:27,287 [FATAL] Updater:351 - Updater called before beeing initialized
2025-05-04 14:29:27,306 [WARN] DetailPanel:346 - Failed to get advertising image, set to default
2025-05-04 14:29:27,463 [FATAL] Updater:351 - Updater called before beeing initialized
2025-05-04 14:29:27,465 [FATAL] Updater:351 - Updater called before beeing initialized
2025-05-04 14:29:27,465 [FATAL] Updater:351 - Updater called before beeing initialized
2025-05-04 14:29:27,465 [WARN] DetailPanel:346 - Failed to get advertising image, set to default
2025-05-04 14:29:27,465 [FATAL] Updater:351 - Updater called before beeing initialized
2025-05-04 14:29:27,483 [ERROR] Updater:1198 - MainUpdater not yet initialized. External WinMGr cannot be set.
2025-05-04 14:29:27,483 [INFO] Updater:1134 - Updater Version found : 6.14.0
2025-05-04 14:29:27,494 [INFO] ApplicationProperties:184 - Using Application install path: /home/vakhaib/st/stm32cubeide_1.17.0/plugins/com.st.stm32cube.common.mx_6.14.0.202502271554
2025-05-04 14:29:27,704 [INFO] MainUpdater:2872 - connection check result : 10
2025-05-04 14:29:27,705 [INFO] MainUpdater:289 - Updater Check For Update Now.
2025-05-04 14:29:27,705 [INFO] MicroXplorer:498 - Change Database Version : DB.6.0.140
2025-05-04 14:29:27,713 [INFO] McuFinderGlobals:63 - Set McuFinder mode to 2 (CubeIDE integrated)
2025-05-04 14:29:27,714 [INFO] UserAuth:486 - Internet connection configuration mode: 1
2025-05-04 14:29:27,723 [INFO] JxBrowserEngine:152 - Initiate JxBrowser Engine with user profile folder
2025-05-04 14:29:27,849 [INFO] CheckServerUpdateThread:120 - End of CheckServer Thread
2025-05-04 14:29:28,286 [INFO] WebApp:169 - Instantiating new browser for Auth
2025-05-04 14:29:28,758 [INFO] WebApp:463 - Apply proxy settings
2025-05-04 14:29:28,759 [INFO] WebApp:548 - Chromium requires no authentication
2025-05-04 14:29:28,763 [INFO] WebApp:491 - Direct internet connection detected
2025-05-04 14:29:28,773 [INFO] WebApp:894 - Register for checkConnection events
2025-05-04 14:29:28,773 [INFO] WebApp:463 - Apply proxy settings
2025-05-04 14:29:28,774 [INFO] WebApp:548 - Chromium requires no authentication
2025-05-04 14:29:28,774 [INFO] WebApp:491 - Direct internet connection detected
2025-05-04 14:29:28,844 [INFO] WebApp:225 - Starting web application
2025-05-04 14:29:28,844 [INFO] WebApp:593 - Web application path used /home/vakhaib/st/stm32cubeide_1.17.0/plugins/com.st.stm32cube.common.mx_6.14.0.202502271554/db/plugins/mcufinder/reactClient1/index.html
2025-05-04 14:29:28,916 [INFO] UserAuth:486 - Internet connection configuration mode: 1
2025-05-04 14:29:28,972 [INFO] WebApp:191 - Connection restablished
2025-05-04 14:29:29,793 [WARN] PackLoader:240 - Cannot read IP mode file for STMicroelectronics.FP-SNS-MOTENVWB1.1.4.0
2025-05-04 14:29:29,797 [WARN] PackLoader:240 - Cannot read IP mode file for STMicroelectronics.FP-ATR-ASTRA1.2.0.2
2025-05-04 14:29:29,798 [WARN] PackLoader:240 - Cannot read IP mode file for STMicroelectronics.FP-ATR-ASTRA1.2.0.1
2025-05-04 14:29:29,802 [WARN] PackLoader:240 - Cannot read IP mode file for STMicroelectronics.X-CUBE-SMBUS.2.1.0
2025-05-04 14:29:29,804 [WARN] PackLoader:240 - Cannot read IP mode file for STMicroelectronics.X-CUBE-WB05N.1.1.0
2025-05-04 14:29:29,806 [WARN] PackLoader:240 - Cannot read IP mode file for STMicroelectronics.X-CUBE-TOUCHGFX.4.23.1
2025-05-04 14:29:29,807 [WARN] PackLoader:240 - Cannot read IP mode file for STMicroelectronics.X-CUBE-TOUCHGFX.4.23.0
2025-05-04 14:29:29,808 [WARN] PackLoader:240 - Cannot read IP mode file for STMicroelectronics.X-CUBE-TOUCHGFX.4.23.2
2025-05-04 14:29:29,823 [WARN] PackLoader:240 - Cannot read IP mode file for STMicroelectronics.X-CUBE-AZRTOS-F7.1.1.0
2025-05-04 14:29:29,828 [WARN] PackLoader:240 - Cannot read IP mode file for STMicroelectronics.FP-SNS-MOTENV1.4.3.2
2025-05-04 14:29:29,853 [WARN] PackLoader:240 - Cannot read IP mode file for STMicroelectronics.X-CUBE-MEMS1.11.0.0
2025-05-04 14:29:29,948 [WARN] PackLoader:240 - Cannot read IP mode file for STMicroelectronics.FP-SNS-FLIGHT1.5.0.2
2025-05-04 14:29:29,954 [WARN] PackLoader:240 - Cannot read IP mode file for STMicroelectronics.X-CUBE-DISPLAY.3.0.0
2025-05-04 14:29:29,976 [WARN] PackLoader:240 - Cannot read IP mode file for STMicroelectronics.X-CUBE-BLE1.7.0.0
2025-05-04 14:29:29,984 [WARN] PackLoader:240 - Cannot read IP mode file for STMicroelectronics.X-CUBE-NFC10.1.0.0
2025-05-04 14:29:29,999 [WARN] PackLoader:240 - Cannot read IP mode file for STMicroelectronics.X-CUBE-BLEMGR.4.0.0
2025-05-04 14:29:30,006 [WARN] PackLoader:240 - Cannot read IP mode file for emotas.I-CUBE-CANOPEN.1.3.0
2025-05-04 14:29:30,008 [WARN] PackLoader:240 - Cannot read IP mode file for STMicroelectronics.X-CUBE-TOUCHGFX.4.22.0
2025-05-04 14:29:30,009 [WARN] PackLoader:240 - Cannot read IP mode file for STMicroelectronics.X-CUBE-TOUCHGFX.4.22.1
2025-05-04 14:29:30,014 [WARN] PackLoader:240 - Cannot read IP mode file for STMicroelectronics.X-CUBE-BLEMGR.3.1.0
2025-05-04 14:29:30,018 [WARN] PackLoader:240 - Cannot read IP mode file for STMicroelectronics.X-CUBE-AI.10.0.0
2025-05-04 14:29:30,020 [WARN] PackLoader:240 - Cannot read IP mode file for STMicroelectronics.FP-SNS-SMARTAG2.1.2.0
2025-05-04 14:29:30,022 [WARN] PackLoader:240 - Cannot read IP mode file for STMicroelectronics.FP-SNS-FLIGHT1.5.1.0
2025-05-04 14:29:30,045 [WARN] PackLoader:240 - Cannot read IP mode file for STMicroelectronics.X-CUBE-MEMS1.11.1.0
2025-05-04 14:29:30,098 [INFO] LogOutputStream:77 - [STDOUT_REDIRECT] 1 : Invalid condition id : UX_CORESTACK_Condition cause : null
2025-05-04 14:29:30,098 [INFO] LogOutputStream:77 - [STDOUT_REDIRECT] 1 : Invalid condition id : UX_CORESTACK_Condition cause : null
2025-05-04 14:29:30,098 [INFO] LogOutputStream:77 - [STDOUT_REDIRECT] 1 : Invalid condition id : UX_CORESTACK_Condition cause : null
2025-05-04 14:29:30,099 [INFO] LogOutputStream:77 - [STDOUT_REDIRECT] 1 : Invalid condition id : UX_CORESTACK_Condition cause : null
2025-05-04 14:29:30,099 [INFO] LogOutputStream:77 - [STDOUT_REDIRECT] 1 : Invalid condition id : UX_CORESTACK_Condition cause : null
2025-05-04 14:29:30,100 [WARN] PackLoader:240 - Cannot read IP mode file for STMicroelectronics.X-CUBE-AZRTOS-WL.2.0.0
2025-05-04 14:29:30,103 [WARN] PackLoader:240 - Cannot read IP mode file for STMicroelectronics.FP-SNS-MOTENV1.5.0.0
2025-05-04 14:29:30,105 [WARN] PackLoader:240 - Cannot read IP mode file for wolfSSL.I-CUBE-wolfMQTT.1.19.0
2025-05-04 14:29:30,108 [WARN] PackLoader:240 - Cannot read IP mode file for WES.I-CUBE-Cesium.1.3.0
2025-05-04 14:29:30,111 [WARN] PackLoader:240 - Cannot read IP mode file for STMicroelectronics.X-CUBE-BLE2.3.3.0
2025-05-04 14:29:30,115 [WARN] PackLoader:240 - Cannot read IP mode file for STMicroelectronics.X-CUBE-NFC9.1.0.0
2025-05-04 14:29:30,119 [WARN] PackLoader:240 - Cannot read IP mode file for STMicroelectronics.X-CUBE-BLE1.7.1.0
2025-05-04 14:29:30,122 [WARN] PackLoader:240 - Cannot read IP mode file for STMicroelectronics.X-CUBE-TCPP.4.1.0
2025-05-04 14:29:30,126 [WARN] PackLoader:240 - Cannot read IP mode file for STMicroelectronics.X-CUBE-ALGOBUILD.1.3.0
2025-05-04 14:29:30,146 [WARN] PackLoader:240 - Cannot read IP mode file for STMicroelectronics.X-CUBE-MEMS1.11.2.0
2025-05-04 14:29:30,198 [WARN] PackLoader:240 - Cannot read IP mode file for STMicroelectronics.X-CUBE-AZRTOS-G0.1.1.0
2025-05-04 14:29:30,201 [WARN] PackLoader:240 - Cannot read IP mode file for STMicroelectronics.X-CUBE-SAFEA1.1.2.2
2025-05-04 14:29:30,205 [WARN] PackLoader:240 - Cannot read IP mode file for STMicroelectronics.X-CUBE-NFC4.3.0.0
2025-05-04 14:29:30,210 [WARN] PackLoader:240 - Cannot read IP mode file for EmbeddedOffice.I-CUBE-FS-RTOS.1.0.1
2025-05-04 14:29:30,213 [WARN] PackLoader:240 - Cannot read IP mode file for STMicroelectronics.X-CUBE-WB05N.2.0.0
2025-05-04 14:29:30,218 [WARN] PackLoader:240 - Cannot read IP mode file for STMicroelectronics.X-CUBE-BLEMGR.3.0.0
2025-05-04 14:29:30,221 [WARN] PackLoader:240 - Cannot read IP mode file for STMicroelectronics.X-CUBE-TCPP.4.2.0
2025-05-04 14:29:30,223 [WARN] PackLoader:240 - Cannot read IP mode file for RealThread.X-CUBE-RT-Thread_Nano.4.1.1
2025-05-04 14:29:30,224 [WARN] PackLoader:240 - Cannot read IP mode file for STMicroelectronics.FP-ATR-SIGFOX1.3.2.0
2025-05-04 14:29:30,226 [WARN] ConditionMgr:438 - getConditionDescription Invalid condition id : Cortex-A Device cause : null
2025-05-04 14:29:30,233 [WARN] ConditionMgr:1044 - genDependencies : Invalid condition id : Cortex-A Device cause : null
2025-05-04 14:29:30,233 [WARN] ConditionMgr:1044 - genDependencies : Invalid condition id : Cortex-A Device cause : null
2025-05-04 14:29:30,233 [WARN] ConditionMgr:1044 - genDependencies : Invalid condition id : Cortex-A Device cause : null
2025-05-04 14:29:30,236 [WARN] PackLoader:240 - Cannot read IP mode file for STMicroelectronics.X-CUBE-EEPRMA1.5.1.0
2025-05-04 14:29:30,248 [WARN] PackLoader:240 - Cannot read IP mode file for SEGGER.I-CUBE-embOS.1.3.1
2025-05-04 14:29:30,270 [WARN] PackLoader:240 - Cannot read IP mode file for STMicroelectronics.X-CUBE-ALGOBUILD.1.4.0
2025-05-04 14:29:30,272 [WARN] PackLoader:240 - Cannot read IP mode file for STMicroelectronics.X-CUBE-AI.9.1.0
2025-05-04 14:29:30,275 [WARN] PackLoader:240 - Cannot read IP mode file for STMicroelectronics.X-CUBE-GNSS1.6.0.0
2025-05-04 14:29:30,286 [WARN] PackLoader:240 - Cannot read IP mode file for STMicroelectronics.X-CUBE-AZRTOS-F4.1.1.0
2025-05-04 14:29:30,291 [WARN] PackLoader:240 - Cannot read IP mode file for wolfSSL.I-CUBE-wolfSSL.5.6.3
2025-05-04 14:29:30,292 [WARN] PackLoader:240 - Cannot read IP mode file for Avnet-IotConnect.X-CUBE-IoTC-DA16k-PMOD.1.0.0
2025-05-04 14:29:30,294 [WARN] PackLoader:240 - Cannot read IP mode file for STMicroelectronics.X-CUBE-ISPU.2.1.0
2025-05-04 14:29:30,297 [WARN] PackLoader:240 - Cannot read IP mode file for STMicroelectronics.X-CUBE-FREERTOS.1.2.0
2025-05-04 14:29:30,324 [WARN] PackLoader:240 - Cannot read IP mode file for STMicroelectronics.X-CUBE-AZRTOS-L5.2.0.0
2025-05-04 14:29:30,350 [WARN] PackLoader:240 - Cannot read IP mode file for STMicroelectronics.X-CUBE-MEMS1.9.6.0
2025-05-04 14:29:30,403 [WARN] PackLoader:240 - Cannot read IP mode file for STMicroelectronics.X-CUBE-EEPRMA1.4.2.0
2025-05-04 14:29:30,406 [WARN] PackLoader:240 - Cannot read IP mode file for STMicroelectronics.X-CUBE-NFC6.3.1.0
2025-05-04 14:29:30,455 [WARN] PackLoader:240 - Cannot read IP mode file for ITTIA_DB.I-CUBE-ITTIADB.8.8.0
2025-05-04 14:29:30,457 [WARN] PackLoader:240 - Cannot read IP mode file for STMicroelectronics.X-CUBE-BLEMGR.2.0.0
2025-05-04 14:29:30,459 [WARN] PackLoader:240 - Cannot read IP mode file for STMicroelectronics.X-CUBE-DPower.1.2.0
2025-05-04 14:29:30,461 [WARN] PackLoader:240 - Cannot read IP mode file for STMicroelectronics.X-CUBE-AI.9.0.0
2025-05-04 14:29:30,468 [WARN] ConditionMgr:438 - getConditionDescription Invalid condition id : UX DEVICE CLASS RTOS Condition cause : null
2025-05-04 14:29:30,468 [WARN] ConditionMgr:438 - getConditionDescription Invalid condition id : UX DEVICE CLASS RTOS Condition cause : null
2025-05-04 14:29:30,469 [WARN] PackLoader:240 - Cannot read IP mode file for STMicroelectronics.X-CUBE-AZRTOS-H7.3.1.0
2025-05-04 14:29:30,470 [WARN] ConditionMgr:1044 - genDependencies : Invalid condition id : UX DEVICE CLASS RTOS Condition cause : null
2025-05-04 14:29:30,470 [WARN] ConditionMgr:1044 - genDependencies : Invalid condition id : UX DEVICE CLASS RTOS Condition cause : null
2025-05-04 14:29:30,470 [WARN] ConditionMgr:1044 - genDependencies : Invalid condition id : UX DEVICE CLASS RTOS Condition cause : null
2025-05-04 14:29:30,470 [WARN] ConditionMgr:1044 - genDependencies : Invalid condition id : UX DEVICE CLASS RTOS Condition cause : null
2025-05-04 14:29:30,470 [WARN] ConditionMgr:1044 - genDependencies : Invalid condition id : UX DEVICE CLASS RTOS Condition cause : null
2025-05-04 14:29:30,473 [WARN] PackLoader:240 - Cannot read IP mode file for STMicroelectronics.X-CUBE-FREERTOS.1.3.0
2025-05-04 14:29:30,474 [WARN] PackLoader:240 - Cannot read IP mode file for STMicroelectronics.X-CUBE-NFC7.1.0.1
2025-05-04 14:29:30,475 [WARN] PackLoader:240 - Cannot read IP mode file for wolfSSL.I-CUBE-wolfTPM.3.2.0
2025-05-04 14:29:30,478 [WARN] PackLoader:240 - Cannot read IP mode file for STMicroelectronics.X-CUBE-NFC6.3.0.0
2025-05-04 14:29:30,481 [WARN] PackLoader:240 - Cannot read IP mode file for STMicroelectronics.X-CUBE-EEPRMA1.4.1.0
2025-05-04 14:29:30,483 [WARN] PackLoader:240 - Cannot read IP mode file for STMicroelectronics.X-CUBE-DPower.1.3.0
2025-05-04 14:29:30,484 [WARN] PackLoader:240 - Cannot read IP mode file for STMicroelectronics.X-CUBE-AI.8.1.0
2025-05-04 14:29:30,491 [WARN] ConditionMgr:438 - getConditionDescription Invalid condition id : LAN8742 Phy interface Condition cause : null
2025-05-04 14:29:30,491 [WARN] PackLoader:240 - Cannot read IP mode file for STMicroelectronics.X-CUBE-AZRTOS-L4.2.0.0
2025-05-04 14:29:30,491 [WARN] ConditionMgr:1044 - genDependencies : Invalid condition id : LAN8742 Phy interface Condition cause : null
2025-05-04 14:29:30,491 [WARN] ConditionMgr:1044 - genDependencies : Invalid condition id : LAN8742 Phy interface Condition cause : null
2025-05-04 14:29:30,492 [WARN] ConditionMgr:1044 - genDependencies : Invalid condition id : LAN8742 Phy interface Condition cause : null
2025-05-04 14:29:30,495 [WARN] PackLoader:240 - Cannot read IP mode file for STMicroelectronics.X-CUBE-SFXS2LP1.4.0.0
2025-05-04 14:29:30,498 [WARN] PackLoader:240 - Cannot read IP mode file for STMicroelectronics.X-CUBE-ISPU.1.1.0
2025-05-04 14:29:30,505 [WARN] PackLoader:240 - Cannot read IP mode file for STMicroelectronics.X-CUBE-AZRTOS-H7.3.3.0
2025-05-04 14:29:30,510 [WARN] PackLoader:240 - Cannot read IP mode file for STMicroelectronics.X-CUBE-IPS.3.0.0
2025-05-04 14:29:30,516 [WARN] ConditionMgr:438 - getConditionDescription Invalid condition id : UX DEVICE CLASS RTOS Condition cause : null
2025-05-04 14:29:30,516 [WARN] ConditionMgr:438 - getConditionDescription Invalid condition id : UX DEVICE CLASS RTOS Condition cause : null
2025-05-04 14:29:30,517 [WARN] PackLoader:240 - Cannot read IP mode file for STMicroelectronics.X-CUBE-AZRTOS-WB.2.0.0
2025-05-04 14:29:30,517 [WARN] ConditionMgr:1044 - genDependencies : Invalid condition id : UX DEVICE CLASS RTOS Condition cause : null
2025-05-04 14:29:30,517 [WARN] ConditionMgr:1044 - genDependencies : Invalid condition id : UX DEVICE CLASS RTOS Condition cause : null
2025-05-04 14:29:30,517 [WARN] ConditionMgr:1044 - genDependencies : Invalid condition id : UX DEVICE CLASS RTOS Condition cause : null
2025-05-04 14:29:30,517 [WARN] ConditionMgr:1044 - genDependencies : Invalid condition id : UX DEVICE CLASS RTOS Condition cause : null
2025-05-04 14:29:30,517 [WARN] ConditionMgr:1044 - genDependencies : Invalid condition id : UX DEVICE CLASS RTOS Condition cause : null
2025-05-04 14:29:30,519 [WARN] PackLoader:240 - Cannot read IP mode file for STMicroelectronics.X-CUBE-GNSS1.7.0.0
2025-05-04 14:29:30,521 [WARN] PackLoader:240 - Cannot read IP mode file for STMicroelectronics.X-CUBE-GNSS1.7.0.1
2025-05-04 14:29:30,522 [WARN] PackLoader:240 - Cannot read IP mode file for STMicroelectronics.X-CUBE-TOUCHGFX.4.25.0
2025-05-04 14:29:30,524 [WARN] PackLoader:240 - Cannot read IP mode file for STMicroelectronics.FP-SNS-STBOX1.2.0.0
2025-05-04 14:29:30,529 [WARN] PackLoader:240 - Cannot read IP mode file for STMicroelectronics.X-CUBE-SUBG2.5.0.0
2025-05-04 14:29:30,538 [WARN] PackLoader:240 - Cannot read IP mode file for STMicroelectronics.X-CUBE-AZRTOS-H7RS.1.1.0
2025-05-04 14:29:30,540 [WARN] PackLoader:240 - Cannot read IP mode file for Cesanta.I-CUBE-Mongoose.7.13.0
2025-05-04 14:29:30,547 [WARN] PackLoader:240 - Cannot read IP mode file for STMicroelectronics.X-CUBE-TOF1.3.3.1
2025-05-04 14:29:30,555 [WARN] PackLoader:240 - Cannot read IP mode file for STMicroelectronics.X-CUBE-AZRTOS-G4.2.0.0
2025-05-04 14:29:30,559 [WARN] PackLoader:240 - Cannot read IP mode file for Infineon.AIROC-Wi-Fi-Bluetooth-STM32.1.5.1
2025-05-04 14:29:30,565 [WARN] PackLoader:240 - Cannot read IP mode file for STMicroelectronics.FP-SNS-MOTENVWB1.1.3.0
2025-05-04 14:29:30,566 [WARN] PackLoader:240 - Cannot read IP mode file for STMicroelectronics.X-CUBE-NFC7.2.0.0
2025-05-04 14:29:30,569 [WARN] PackLoader:240 - Cannot read IP mode file for STMicroelectronics.FP-SNS-MOTENVWB1.1.3.1
2025-05-04 14:29:30,572 [WARN] PackLoader:240 - Cannot read IP mode file for STMicroelectronics.X-CUBE-ISPU.2.0.0
2025-05-04 14:29:30,578 [WARN] PackLoader:240 - Cannot read IP mode file for STMicroelectronics.X-CUBE-IPS.3.1.0
2025-05-04 14:29:30,582 [WARN] PackLoader:240 - Cannot read IP mode file for STMicroelectronics.X-CUBE-ALS.1.0.2
2025-05-04 14:29:30,595 [WARN] PackLoader:240 - Cannot read IP mode file for STMicroelectronics.X-CUBE-MEMS1.10.0.0
2025-05-04 14:29:30,632 [WARN] PackLoader:240 - Cannot read IP mode file for STMicroelectronics.X-CUBE-FREERTOS.1.1.0
2025-05-04 14:29:30,634 [WARN] PackLoader:240 - Cannot read IP mode file for STMicroelectronics.X-CUBE-TOUCHGFX.4.24.0
2025-05-04 14:29:30,634 [WARN] PackLoader:240 - Cannot read IP mode file for STMicroelectronics.X-CUBE-TOUCHGFX.4.24.2
2025-05-04 14:29:30,635 [WARN] PackLoader:240 - Cannot read IP mode file for STMicroelectronics.X-CUBE-TOUCHGFX.4.24.1
2025-05-04 14:29:30,637 [WARN] PackLoader:240 - Cannot read IP mode file for portGmbH.I-Cube-SoM-uGOAL.1.1.0
2025-05-04 14:29:30,639 [WARN] PackLoader:240 - Cannot read IP mode file for STMicroelectronics.X-CUBE-ALS.1.0.1
2025-05-04 14:29:30,644 [WARN] PackLoader:240 - Cannot read IP mode file for STMicroelectronics.X-CUBE-AZRTOS-H7RS.1.0.0
2025-05-04 14:29:30,647 [WARN] PackLoader:240 - Cannot read IP mode file for STMicroelectronics.FP-ATR-ASTRA1.2.0.0
2025-05-04 14:29:30,650 [WARN] PackLoader:240 - Cannot read IP mode file for STMicroelectronics.X-CUBE-TOF1.3.4.2
2025-05-04 14:29:30,660 [WARN] PackLoader:240 - Cannot read IP mode file for STMicroelectronics.X-CUBE-TOF1.3.4.3
2025-05-04 14:29:30,672 [WARN] PackLoader:240 - Cannot read IP mode file for STMicroelectronics.X-CUBE-TOF1.3.4.0
2025-05-04 14:29:30,681 [WARN] PackLoader:240 - Cannot read IP mode file for STMicroelectronics.X-CUBE-TOF1.3.4.1
2025-05-04 14:29:30,695 [WARN] PackLoader:240 - Cannot read IP mode file for STMicroelectronics.X-CUBE-AZRTOS-H7.3.2.0
2025-05-04 14:29:30,699 [WARN] PackLoader:240 - Cannot read IP mode file for wolfSSL.I-CUBE-wolfSSH.1.4.17
2025-05-04 14:29:30,700 [INFO] ThirdParty:978 - Integrity check success = true
2025-05-04 14:29:30,700 [INFO] IntegrityCheckThread:100 - exiting critical section [integrity check]
2025-05-04 14:29:30,700 [INFO] IntegrityCheckThread:103 - End integrity checks thread
2025-05-04 14:58:26,753 [ERROR] LogOutputStream:75 - [STDERR_REDIRECT] 
