2024-09-08 18:17:29,777 [INFO] Activator:176 - 


2024-09-08 18:17:29,783 [INFO] Activator:177 - !SESSION log4j initialized
2024-09-08 18:17:34,786 [INFO] LogOutputStream:77 - [STDOUT_REDIRECT] 
2024-09-08 18:17:35,415 [INFO] ApplicationProperties:184 - Using Application install path: /opt/st/stm32cubeide_1.16.0/plugins/com.st.stm32cube.common.mx_6.12.0.202406281431
2024-09-08 18:17:35,440 [INFO] DbMcusXml:78 - Set database path to: /opt/st/stm32cubeide_1.16.0/plugins/com.st.stm32cube.common.mx_6.12.0.202406281431//db//mcu/
2024-09-08 18:17:35,440 [INFO] ApiDb:274 - Set plugin database path to: /opt/st/stm32cubeide_1.16.0/plugins/com.st.stm32cube.common.mx_6.12.0.202406281431//db//plugins/boardmanager/
2024-09-08 18:17:35,441 [WARN] ApiDb:259 - Overriding images path with different value:  => /opt/st/stm32cubeide_1.16.0/plugins/com.st.stm32cube.common.mx_6.12.0.202406281431//db//plugins/mcufinder/images/
2024-09-08 18:17:35,453 [INFO] ApiDb:250 - Set database path to: /home/vakhaib/.stmcufinder/plugins/mcufinder//mcu/
2024-09-08 18:17:35,454 [INFO] DbMcusAds:125 - Set database path to: /home/vakhaib/.stmcufinder/plugins/mcufinder//mcu/
2024-09-08 18:17:35,458 [INFO] CrossReferenceDbSqlite:203 - Set database path to: /home/vakhaib/.stmcufinder/plugins/mcufinder//mcu/cs/
2024-09-08 18:17:35,583 [INFO] RulesReader:64 - Compatibility file has been processed (297 Rules)
2024-09-08 18:17:35,657 [INFO] DbMcusXml:78 - Set database path to: /opt/st/stm32cubeide_1.16.0/plugins/com.st.stm32cube.common.mx_6.12.0.202406281431//db//mcu/
2024-09-08 18:17:35,657 [INFO] ApiDb:274 - Set plugin database path to: /opt/st/stm32cubeide_1.16.0/plugins/com.st.stm32cube.common.mx_6.12.0.202406281431//db//plugins/boardmanager/
2024-09-08 18:17:35,657 [INFO] ApiDb:261 - Set plugin images path to: /opt/st/stm32cubeide_1.16.0/plugins/com.st.stm32cube.common.mx_6.12.0.202406281431//db//plugins/mcufinder/images/
2024-09-08 18:17:35,657 [WARN] DbFile:41 - Overriding database path with different value: /home/vakhaib/.stmcufinder/plugins/mcufinder/ => /home/vakhaib/.stmcufinder/plugins/mcufinder
2024-09-08 18:17:35,658 [INFO] ApiDb:250 - Set database path to: /home/vakhaib/.stmcufinder/plugins/mcufinder//mcu/
2024-09-08 18:17:35,658 [WARN] DbFile:41 - Overriding database path with different value: /home/vakhaib/.stmcufinder/plugins/mcufinder/ => /home/vakhaib/.stmcufinder/plugins/mcufinder
2024-09-08 18:17:35,658 [INFO] DbMcusAds:125 - Set database path to: /home/vakhaib/.stmcufinder/plugins/mcufinder//mcu/
2024-09-08 18:17:35,658 [WARN] DbFile:41 - Overriding database path with different value: /home/vakhaib/.stmcufinder/plugins/mcufinder/ => /home/vakhaib/.stmcufinder/plugins/mcufinder
2024-09-08 18:17:35,658 [WARN] DbFile:41 - Overriding database path with different value: /home/vakhaib/.stmcufinder/plugins/mcufinder/ => /home/vakhaib/.stmcufinder/plugins/mcufinder
2024-09-08 18:17:35,658 [INFO] CrossReferenceDbSqlite:203 - Set database path to: /home/vakhaib/.stmcufinder/plugins/mcufinder//mcu/cs/
2024-09-08 18:17:35,741 [INFO] MainPanel:268 - HeapMemory: 268435456
2024-09-08 18:17:35,891 [INFO] DbMcusXml:78 - Set database path to: /opt/st/stm32cubeide_1.16.0/plugins/com.st.stm32cube.common.mx_6.12.0.202406281431//db//mcu/
2024-09-08 18:17:35,891 [INFO] ApiDb:274 - Set plugin database path to: /opt/st/stm32cubeide_1.16.0/plugins/com.st.stm32cube.common.mx_6.12.0.202406281431//db//plugins/boardmanager/
2024-09-08 18:17:35,891 [INFO] ApiDb:261 - Set plugin images path to: /opt/st/stm32cubeide_1.16.0/plugins/com.st.stm32cube.common.mx_6.12.0.202406281431//db//plugins/mcufinder/images/
2024-09-08 18:17:35,892 [WARN] DbFile:41 - Overriding database path with different value: /home/vakhaib/.stmcufinder/plugins/mcufinder/ => /home/vakhaib/.stmcufinder/plugins/mcufinder
2024-09-08 18:17:35,892 [INFO] ApiDb:250 - Set database path to: /home/vakhaib/.stmcufinder/plugins/mcufinder//mcu/
2024-09-08 18:17:35,892 [WARN] DbFile:41 - Overriding database path with different value: /home/vakhaib/.stmcufinder/plugins/mcufinder/ => /home/vakhaib/.stmcufinder/plugins/mcufinder
2024-09-08 18:17:35,892 [INFO] DbMcusAds:125 - Set database path to: /home/vakhaib/.stmcufinder/plugins/mcufinder//mcu/
2024-09-08 18:17:35,892 [WARN] DbFile:41 - Overriding database path with different value: /home/vakhaib/.stmcufinder/plugins/mcufinder/ => /home/vakhaib/.stmcufinder/plugins/mcufinder
2024-09-08 18:17:35,892 [WARN] DbFile:41 - Overriding database path with different value: /home/vakhaib/.stmcufinder/plugins/mcufinder/ => /home/vakhaib/.stmcufinder/plugins/mcufinder
2024-09-08 18:17:35,892 [INFO] CrossReferenceDbSqlite:203 - Set database path to: /home/vakhaib/.stmcufinder/plugins/mcufinder//mcu/cs/
2024-09-08 18:17:35,909 [INFO] ApplicationProperties:184 - Using Application install path: /opt/st/stm32cubeide_1.16.0/plugins/com.st.stm32cube.common.mx_6.12.0.202406281431
2024-09-08 18:17:35,910 [INFO] PluginManage:196 - Search for loadable plugins [exclusion list=, ]
2024-09-08 18:17:35,912 [INFO] PluginManage:310 - Check plugin analytics
2024-09-08 18:17:36,084 [INFO] AnalyticsPlugin:253 - Accepted Software Licenses: 
2024-09-08 18:17:36,084 [INFO] AnalyticsPlugin:255 - Accepted CMSIS Pack Licenses: 
2024-09-08 18:17:36,084 [INFO] AnalyticsPlugin:257 - Accepted Firmware Licenses: 
2024-09-08 18:17:36,088 [INFO] PluginManage:359 - Loaded plugin analytics (category:tool,tabindex:-1)
2024-09-08 18:17:36,089 [INFO] PluginManage:310 - Check plugin cadmodel
2024-09-08 18:17:36,095 [INFO] CADModel:105 - Init CAD model plugin
2024-09-08 18:17:36,096 [INFO] PluginManage:359 - Loaded plugin cadmodel (category:power,tabindex:5)
2024-09-08 18:17:36,096 [INFO] PluginManage:310 - Check plugin clock
2024-09-08 18:17:36,109 [INFO] PluginManage:359 - Loaded plugin clock (category:base,tabindex:2)
2024-09-08 18:17:36,110 [INFO] PluginManage:310 - Check plugin ddr
2024-09-08 18:17:36,113 [INFO] PluginManage:359 - Loaded plugin ddr (category:tool,tabindex:6)
2024-09-08 18:17:36,113 [INFO] PluginManage:310 - Check plugin filemanager
2024-09-08 18:17:36,271 [INFO] PluginManage:359 - Loaded plugin filemanager (category:base,tabindex:10)
2024-09-08 18:17:36,271 [INFO] PluginManage:310 - Check plugin ipmanager
2024-09-08 18:17:36,277 [INFO] PluginManage:359 - Loaded plugin ipmanager (category:base,tabindex:5)
2024-09-08 18:17:36,278 [INFO] PluginManage:310 - Check plugin lpbam
2024-09-08 18:17:36,289 [INFO] PluginManage:359 - Loaded plugin lpbam (category:base,tabindex:0)
2024-09-08 18:17:36,289 [INFO] PluginManage:310 - Check plugin memorymap
2024-09-08 18:17:36,307 [INFO] PluginManage:359 - Loaded plugin memorymap (category:base,tabindex:4)
2024-09-08 18:17:36,307 [INFO] PluginManage:310 - Check plugin pinoutandconfiguration
2024-09-08 18:17:36,318 [INFO] PluginManage:359 - Loaded plugin pinoutandconfiguration (category:base,tabindex:1)
2024-09-08 18:17:36,318 [INFO] PluginManage:310 - Check plugin pinoutconfig
2024-09-08 18:17:36,427 [WARN] SupportedApi:132 - Cannot load RTOS API schema: s4s-elt-must-match.1: The content of 'definitions' must match (annotation?, (simpleType | complexType)?, (unique | key | keyref)*)). A problem was found starting at: attribute.
2024-09-08 18:17:36,662 [INFO] PluginManage:359 - Loaded plugin pinoutconfig (category:base,tabindex:0)
2024-09-08 18:17:36,662 [INFO] PluginManage:310 - Check plugin power
2024-09-08 18:17:36,682 [INFO] PluginManage:359 - Loaded plugin power (category:power,tabindex:4)
2024-09-08 18:17:36,682 [INFO] PluginManage:310 - Check plugin projectmanager
2024-09-08 18:17:36,715 [INFO] PluginManage:359 - Loaded plugin projectmanager (category:projectmanager,tabindex:4)
2024-09-08 18:17:36,715 [INFO] PluginManage:310 - Check plugin rif
2024-09-08 18:17:36,727 [INFO] PluginManage:359 - Loaded plugin rif (category:base,tabindex:3)
2024-09-08 18:17:36,727 [INFO] PluginManage:310 - Check plugin thirdparty
2024-09-08 18:17:36,929 [INFO] PluginManage:359 - Loaded plugin thirdparty (category:base,tabindex:-1)
2024-09-08 18:17:36,928 [WARN] IntegrityCheckThread:84 - waiting for thirdparty lock release [integrity check]
2024-09-08 18:17:36,929 [INFO] PluginManage:310 - Check plugin tools
2024-09-08 18:17:36,929 [INFO] IntegrityCheckThread:86 - entering critical section [integrity check]
2024-09-08 18:17:36,930 [INFO] ThirdPartyUpdaterWithRetryManager:70 - Updater plugin not ready yet. [1/15]
2024-09-08 18:17:36,932 [INFO] PluginManage:359 - Loaded plugin tools (category:base,tabindex:7)
2024-09-08 18:17:36,933 [INFO] PluginManage:310 - Check plugin tutovideos
2024-09-08 18:17:37,201 [INFO] PluginManage:359 - Loaded plugin tutovideos (category:base,tabindex:-1)
2024-09-08 18:17:37,201 [INFO] PluginManage:310 - Check plugin updater
2024-09-08 18:17:37,226 [INFO] PluginManage:359 - Loaded plugin updater (category:base,tabindex:12)
2024-09-08 18:17:37,226 [INFO] PluginManage:310 - Check plugin userauth
2024-09-08 18:17:37,233 [INFO] UserAuth:113 - Init User Auth plugin
2024-09-08 18:17:37,234 [INFO] PluginManage:359 - Loaded plugin userauth (category:base,tabindex:14)
2024-09-08 18:17:37,234 [INFO] PluginManage:283 - PluginManage : Loaded plugins [18]
2024-09-08 18:17:37,511 [INFO] PinOutPanel:1561 - setPackage(No Configuration,No Configuration)
2024-09-08 18:17:37,616 [INFO] CADModel:165 - CPN selected for project level
2024-09-08 18:17:37,616 [INFO] CADModel:114 - Register for checkConnection events
2024-09-08 18:17:37,628 [INFO] IPUIPlugin:80 - create IPUIPlugin
2024-09-08 18:17:37,628 [INFO] PluginManager:220 - loadIPPluginJar : add genericplugin
2024-09-08 18:17:37,631 [INFO] IPUIPlugin:80 - create IPUIPlugin
2024-09-08 18:17:37,631 [INFO] PluginManager:220 - loadIPPluginJar : add tim
2024-09-08 18:17:37,634 [INFO] IPUIPlugin:80 - create IPUIPlugin
2024-09-08 18:17:37,634 [INFO] PluginManager:220 - loadIPPluginJar : add openamp
2024-09-08 18:17:37,638 [INFO] IPUIPlugin:80 - create IPUIPlugin
2024-09-08 18:17:37,638 [INFO] PluginManager:220 - loadIPPluginJar : add dfsdm
2024-09-08 18:17:37,646 [INFO] IPUIPlugin:80 - create IPUIPlugin
2024-09-08 18:17:37,646 [INFO] PluginManager:220 - loadIPPluginJar : add cryp
2024-09-08 18:17:37,649 [INFO] IPUIPlugin:80 - create IPUIPlugin
2024-09-08 18:17:37,649 [INFO] PluginManager:220 - loadIPPluginJar : add i3c
2024-09-08 18:17:37,658 [INFO] IPUIPlugin:80 - create IPUIPlugin
2024-09-08 18:17:37,658 [INFO] PluginManager:220 - loadIPPluginJar : add freertos
2024-09-08 18:17:37,661 [INFO] IPUIPlugin:80 - create IPUIPlugin
2024-09-08 18:17:37,662 [INFO] PluginManager:220 - loadIPPluginJar : add ucpd
2024-09-08 18:17:37,664 [INFO] IPUIPlugin:80 - create IPUIPlugin
2024-09-08 18:17:37,665 [INFO] PluginManager:220 - loadIPPluginJar : add fatfs
2024-09-08 18:17:37,668 [INFO] IPUIPlugin:80 - create IPUIPlugin
2024-09-08 18:17:37,669 [INFO] PluginManager:220 - loadIPPluginJar : add hash
2024-09-08 18:17:37,675 [INFO] IPUIPlugin:80 - create IPUIPlugin
2024-09-08 18:17:37,676 [INFO] PluginManager:220 - loadIPPluginJar : add gpio
2024-09-08 18:17:37,680 [INFO] IPUIPlugin:80 - create IPUIPlugin
2024-09-08 18:17:37,681 [INFO] PluginManager:220 - loadIPPluginJar : add gtzc
2024-09-08 18:17:37,685 [INFO] IPUIPlugin:80 - create IPUIPlugin
2024-09-08 18:17:37,685 [INFO] PluginManager:220 - loadIPPluginJar : add i2c
2024-09-08 18:17:37,695 [INFO] IPUIPlugin:80 - create IPUIPlugin
2024-09-08 18:17:37,695 [INFO] PluginManager:220 - loadIPPluginJar : add stm32_wpan
2024-09-08 18:17:37,699 [INFO] IPUIPlugin:80 - create IPUIPlugin
2024-09-08 18:17:37,700 [INFO] PluginManager:220 - loadIPPluginJar : add ipddr
2024-09-08 18:17:37,706 [INFO] IPUIPlugin:80 - create IPUIPlugin
2024-09-08 18:17:37,706 [INFO] PluginManager:220 - loadIPPluginJar : add fmc
2024-09-08 18:17:37,716 [INFO] IPUIPlugin:80 - create IPUIPlugin
2024-09-08 18:17:37,716 [INFO] PluginManager:220 - loadIPPluginJar : add adc
2024-09-08 18:17:37,726 [INFO] IPUIPlugin:80 - create IPUIPlugin
2024-09-08 18:17:37,727 [INFO] PluginManager:220 - loadIPPluginJar : add mdma
2024-09-08 18:17:37,730 [INFO] IPUIPlugin:80 - create IPUIPlugin
2024-09-08 18:17:37,730 [INFO] PluginManager:220 - loadIPPluginJar : add usart
2024-09-08 18:17:37,731 [INFO] IPUIPlugin:80 - create IPUIPlugin
2024-09-08 18:17:37,732 [INFO] PluginManager:220 - loadIPPluginJar : add ltdc
2024-09-08 18:17:37,735 [INFO] IPUIPlugin:80 - create IPUIPlugin
2024-09-08 18:17:37,735 [INFO] PluginManager:220 - loadIPPluginJar : add usbx
2024-09-08 18:17:37,739 [INFO] IPUIPlugin:80 - create IPUIPlugin
2024-09-08 18:17:37,739 [INFO] PluginManager:220 - loadIPPluginJar : add extmemmanager
2024-09-08 18:17:37,742 [INFO] IPUIPlugin:80 - create IPUIPlugin
2024-09-08 18:17:37,743 [INFO] PluginManager:220 - loadIPPluginJar : add can
2024-09-08 18:17:37,745 [INFO] IPUIPlugin:80 - create IPUIPlugin
2024-09-08 18:17:37,745 [INFO] PluginManager:220 - loadIPPluginJar : add comp
2024-09-08 18:17:37,749 [INFO] IPUIPlugin:80 - create IPUIPlugin
2024-09-08 18:17:37,749 [INFO] PluginManager:220 - loadIPPluginJar : add lorawan
2024-09-08 18:17:37,758 [INFO] IPUIPlugin:80 - create IPUIPlugin
2024-09-08 18:17:37,762 [INFO] PluginManager:220 - loadIPPluginJar : add plateformsettings
2024-09-08 18:17:37,765 [INFO] IPUIPlugin:80 - create IPUIPlugin
2024-09-08 18:17:37,765 [INFO] PluginManager:220 - loadIPPluginJar : add tracer_emb
2024-09-08 18:17:37,769 [INFO] IPUIPlugin:80 - create IPUIPlugin
2024-09-08 18:17:37,769 [INFO] PluginManager:220 - loadIPPluginJar : add aes
2024-09-08 18:17:37,777 [INFO] IPUIPlugin:80 - create IPUIPlugin
2024-09-08 18:17:37,777 [INFO] PluginManager:220 - loadIPPluginJar : add gic
2024-09-08 18:17:37,782 [INFO] IPUIPlugin:80 - create IPUIPlugin
2024-09-08 18:17:37,782 [INFO] PluginManager:220 - loadIPPluginJar : add opamp
2024-09-08 18:17:37,805 [INFO] IPUIPlugin:80 - create IPUIPlugin
2024-09-08 18:17:37,806 [INFO] PluginManager:220 - loadIPPluginJar : add resmgrutility
2024-09-08 18:17:37,808 [INFO] IPUIPlugin:80 - create IPUIPlugin
2024-09-08 18:17:37,808 [INFO] PluginManager:220 - loadIPPluginJar : add tsc
2024-09-08 18:17:37,814 [INFO] IPUIPlugin:80 - create IPUIPlugin
2024-09-08 18:17:37,814 [INFO] PluginManager:220 - loadIPPluginJar : add sai
2024-09-08 18:17:37,818 [INFO] IPUIPlugin:80 - create IPUIPlugin
2024-09-08 18:17:37,819 [INFO] PluginManager:220 - loadIPPluginJar : add pdm2pcm
2024-09-08 18:17:37,824 [INFO] IPUIPlugin:80 - create IPUIPlugin
2024-09-08 18:17:37,824 [INFO] PluginManager:220 - loadIPPluginJar : add ddr_ctrl_phy
2024-09-08 18:17:37,840 [INFO] IPUIPlugin:80 - create IPUIPlugin
2024-09-08 18:17:37,840 [INFO] PluginManager:220 - loadIPPluginJar : add dma
2024-09-08 18:17:37,847 [INFO] IPUIPlugin:80 - create IPUIPlugin
2024-09-08 18:17:37,847 [INFO] PluginManager:220 - loadIPPluginJar : add touchsensing
2024-09-08 18:17:37,857 [INFO] IPUIPlugin:80 - create IPUIPlugin
2024-09-08 18:17:37,858 [INFO] PluginManager:220 - loadIPPluginJar : add linkedlist
2024-09-08 18:17:37,861 [INFO] IPUIPlugin:80 - create IPUIPlugin
2024-09-08 18:17:37,861 [INFO] PluginManager:220 - loadIPPluginJar : add dma3
2024-09-08 18:17:37,863 [INFO] IPUIPlugin:80 - create IPUIPlugin
2024-09-08 18:17:37,865 [INFO] PluginManager:220 - loadIPPluginJar : add radio
2024-09-08 18:17:37,868 [INFO] IPUIPlugin:80 - create IPUIPlugin
2024-09-08 18:17:37,868 [INFO] PluginManager:220 - loadIPPluginJar : add gfxmmu
2024-09-08 18:17:37,871 [INFO] IPUIPlugin:80 - create IPUIPlugin
2024-09-08 18:17:37,871 [INFO] PluginManager:220 - loadIPPluginJar : add spi
2024-09-08 18:17:37,878 [INFO] IPUIPlugin:80 - create IPUIPlugin
2024-09-08 18:17:37,878 [INFO] PluginManager:220 - loadIPPluginJar : add nvic
2024-09-08 18:17:37,880 [INFO] IPUIPlugin:80 - create IPUIPlugin
2024-09-08 18:17:37,880 [INFO] PluginManager:220 - loadIPPluginJar : add quadspi
2024-09-08 18:17:37,883 [INFO] IPUIPlugin:80 - create IPUIPlugin
2024-09-08 18:17:37,884 [INFO] PluginManager:220 - loadIPPluginJar : add i2s
2024-09-08 18:17:37,886 [INFO] IPUIPlugin:80 - create IPUIPlugin
2024-09-08 18:17:37,886 [INFO] PluginManager:220 - loadIPPluginJar : add ts
2024-09-08 18:17:37,999 [INFO] CADModel:165 - CPN selected for project level
2024-09-08 18:17:37,999 [INFO] CADModel:114 - Register for checkConnection events
2024-09-08 18:17:37,999 [FATAL] Updater:334 - Updater called before beeing initialized
2024-09-08 18:17:37,999 [ERROR] CADModel:125 - Updater not yet initialized, retry later 
2024-09-08 18:17:38,127 [INFO] CADModel:165 - CPN selected for project level
2024-09-08 18:17:38,127 [INFO] CADModel:114 - Register for checkConnection events
2024-09-08 18:17:38,127 [FATAL] Updater:334 - Updater called before beeing initialized
2024-09-08 18:17:38,127 [ERROR] CADModel:125 - Updater not yet initialized, retry later 
2024-09-08 18:17:38,131 [FATAL] Updater:334 - Updater called before beeing initialized
2024-09-08 18:17:38,219 [FATAL] Updater:334 - Updater called before beeing initialized
2024-09-08 18:17:38,223 [INFO] DbMcusAds:53 - JSON generation date=Thu May 16 11:22:00 CEST 2024 (1715851320667)
2024-09-08 18:17:38,224 [FATAL] Updater:334 - Updater called before beeing initialized
2024-09-08 18:17:38,259 [WARN] DetailPanel:346 - Failed to get advertising image, set to default
2024-09-08 18:17:38,330 [FATAL] Updater:334 - Updater called before beeing initialized
2024-09-08 18:17:38,332 [FATAL] Updater:334 - Updater called before beeing initialized
2024-09-08 18:17:38,332 [FATAL] Updater:334 - Updater called before beeing initialized
2024-09-08 18:17:38,332 [WARN] DetailPanel:346 - Failed to get advertising image, set to default
2024-09-08 18:17:38,333 [FATAL] Updater:334 - Updater called before beeing initialized
2024-09-08 18:17:38,377 [ERROR] Updater:1164 - MainUpdater not yet initialized. External WinMGr cannot be set.
2024-09-08 18:17:38,380 [INFO] Updater:1100 - Updater Version found : 6.12.0
2024-09-08 18:17:38,403 [INFO] ApplicationProperties:184 - Using Application install path: /opt/st/stm32cubeide_1.16.0/plugins/com.st.stm32cube.common.mx_6.12.0.202406281431
2024-09-08 18:17:38,837 [INFO] MainUpdater:2873 - connection check result : 10
2024-09-08 18:17:38,838 [INFO] MainUpdater:3567 - Updater definition file requires update
2024-09-08 18:17:38,839 [INFO] MainUpdater:290 - Updater Check For Update Now.
2024-09-08 18:17:38,839 [INFO] MicroXplorer:498 - Change Database Version : DB.6.0.120
2024-09-08 18:17:38,847 [INFO] McuFinderGlobals:63 - Set McuFinder mode to 2 (CubeIDE integrated)
2024-09-08 18:17:38,849 [INFO] UserAuth:417 - Internet connection configuration mode: 1
2024-09-08 18:17:38,869 [INFO] JxBrowserEngine:152 - Initiate JxBrowser Engine with user profile folder
2024-09-08 18:17:39,141 [INFO] ServerAccessManage:473 - Download File updaters.zip
2024-09-08 18:17:39,452 [INFO] FileExtend:240 - Unzip File : updaters.zip
2024-09-08 18:17:39,452 [INFO] FileExtend:255 - Standard Zip Deflate
2024-09-08 18:17:39,882 [INFO] ServerAccessManage:473 - Download File PacksControlFlags.xml
2024-09-08 18:17:39,931 [WARN] MainUpdater:1194 - Updater busy. Cannot search thirdparties
2024-09-08 18:17:39,931 [INFO] ThirdPartyUpdaterWithRetryManager:96 - Updater plugin is busy. [1/15]
2024-09-08 18:17:40,180 [INFO] ServerAccessManage:473 - Download File cubemx.pidx
2024-09-08 18:17:40,233 [INFO] WebApp:167 - Instantiating new browser for Auth
2024-09-08 18:17:40,318 [INFO] LoadServerUpdatesThread:375 - End of LoadServerUpdate Thread
2024-09-08 18:17:40,511 [INFO] CheckServerUpdateThread:120 - End of CheckServer Thread
2024-09-08 18:17:41,301 [ERROR] LogOutputStream:75 - [STDERR_REDIRECT] 
